<?xml version="1.0" encoding="UTF-8"?>
<testsuites name="jest tests" tests="249" failures="50" errors="0" time="8.309">
  <testsuite name="Contact API Route" errors="0" failures="13" skipped="0" timestamp="2025-07-07T15:21:11" time="1.618" tests="13">
    <testcase classname="Contact API Route Validation des données devrait retourner 400 pour des champs manquants" name="Contact API Route Validation des données devrait retourner 400 pour des champs manquants" time="0.012">
      <failure>TypeError: jest.mocked(...).mockImplementation is not a function
    at Object.mockImplementation (C:\Users\j.serafini\Desktop\Jordan\Code\sli\app\api\contact\__tests__\route.test.ts:37:25)
    at Promise.then.completed (C:\Users\j.serafini\AppData\Roaming\npm\node_modules\jest\node_modules\jest-circus\build\utils.js:298:28)
    at new Promise (&lt;anonymous&gt;)
    at callAsyncCircusFn (C:\Users\j.serafini\AppData\Roaming\npm\node_modules\jest\node_modules\jest-circus\build\utils.js:231:10)
    at _callCircusHook (C:\Users\j.serafini\AppData\Roaming\npm\node_modules\jest\node_modules\jest-circus\build\run.js:281:40)
    at processTicksAndRejections (node:internal/process/task_queues:105:5)
    at _runTest (C:\Users\j.serafini\AppData\Roaming\npm\node_modules\jest\node_modules\jest-circus\build\run.js:246:5)
    at _runTestsForDescribeBlock (C:\Users\j.serafini\AppData\Roaming\npm\node_modules\jest\node_modules\jest-circus\build\run.js:126:9)
    at _runTestsForDescribeBlock (C:\Users\j.serafini\AppData\Roaming\npm\node_modules\jest\node_modules\jest-circus\build\run.js:121:9)
    at _runTestsForDescribeBlock (C:\Users\j.serafini\AppData\Roaming\npm\node_modules\jest\node_modules\jest-circus\build\run.js:121:9)
    at run (C:\Users\j.serafini\AppData\Roaming\npm\node_modules\jest\node_modules\jest-circus\build\run.js:71:3)
    at runAndTransformResultsToJestFormat (C:\Users\j.serafini\AppData\Roaming\npm\node_modules\jest\node_modules\jest-circus\build\legacy-code-todo-rewrite\jestAdapterInit.js:122:21)
    at jestAdapter (C:\Users\j.serafini\AppData\Roaming\npm\node_modules\jest\node_modules\jest-circus\build\legacy-code-todo-rewrite\jestAdapter.js:79:19)
    at runTestInternal (C:\Users\j.serafini\AppData\Roaming\npm\node_modules\jest\node_modules\jest-runner\build\runTest.js:367:16)
    at runTest (C:\Users\j.serafini\AppData\Roaming\npm\node_modules\jest\node_modules\jest-runner\build\runTest.js:444:34)
    at Object.worker (C:\Users\j.serafini\AppData\Roaming\npm\node_modules\jest\node_modules\jest-runner\build\testWorker.js:106:12)</failure>
    </testcase>
    <testcase classname="Contact API Route Validation des données devrait retourner 400 pour un email invalide" name="Contact API Route Validation des données devrait retourner 400 pour un email invalide" time="0">
      <failure>TypeError: jest.mocked(...).mockImplementation is not a function
    at Object.mockImplementation (C:\Users\j.serafini\Desktop\Jordan\Code\sli\app\api\contact\__tests__\route.test.ts:37:25)
    at Promise.then.completed (C:\Users\j.serafini\AppData\Roaming\npm\node_modules\jest\node_modules\jest-circus\build\utils.js:298:28)
    at new Promise (&lt;anonymous&gt;)
    at callAsyncCircusFn (C:\Users\j.serafini\AppData\Roaming\npm\node_modules\jest\node_modules\jest-circus\build\utils.js:231:10)
    at _callCircusHook (C:\Users\j.serafini\AppData\Roaming\npm\node_modules\jest\node_modules\jest-circus\build\run.js:281:40)
    at processTicksAndRejections (node:internal/process/task_queues:105:5)
    at _runTest (C:\Users\j.serafini\AppData\Roaming\npm\node_modules\jest\node_modules\jest-circus\build\run.js:246:5)
    at _runTestsForDescribeBlock (C:\Users\j.serafini\AppData\Roaming\npm\node_modules\jest\node_modules\jest-circus\build\run.js:126:9)
    at _runTestsForDescribeBlock (C:\Users\j.serafini\AppData\Roaming\npm\node_modules\jest\node_modules\jest-circus\build\run.js:121:9)
    at _runTestsForDescribeBlock (C:\Users\j.serafini\AppData\Roaming\npm\node_modules\jest\node_modules\jest-circus\build\run.js:121:9)
    at run (C:\Users\j.serafini\AppData\Roaming\npm\node_modules\jest\node_modules\jest-circus\build\run.js:71:3)
    at runAndTransformResultsToJestFormat (C:\Users\j.serafini\AppData\Roaming\npm\node_modules\jest\node_modules\jest-circus\build\legacy-code-todo-rewrite\jestAdapterInit.js:122:21)
    at jestAdapter (C:\Users\j.serafini\AppData\Roaming\npm\node_modules\jest\node_modules\jest-circus\build\legacy-code-todo-rewrite\jestAdapter.js:79:19)
    at runTestInternal (C:\Users\j.serafini\AppData\Roaming\npm\node_modules\jest\node_modules\jest-runner\build\runTest.js:367:16)
    at runTest (C:\Users\j.serafini\AppData\Roaming\npm\node_modules\jest\node_modules\jest-runner\build\runTest.js:444:34)
    at Object.worker (C:\Users\j.serafini\AppData\Roaming\npm\node_modules\jest\node_modules\jest-runner\build\testWorker.js:106:12)</failure>
    </testcase>
    <testcase classname="Contact API Route Validation des données devrait accepter un email valide" name="Contact API Route Validation des données devrait accepter un email valide" time="0">
      <failure>TypeError: jest.mocked(...).mockImplementation is not a function
    at Object.mockImplementation (C:\Users\j.serafini\Desktop\Jordan\Code\sli\app\api\contact\__tests__\route.test.ts:37:25)
    at Promise.then.completed (C:\Users\j.serafini\AppData\Roaming\npm\node_modules\jest\node_modules\jest-circus\build\utils.js:298:28)
    at new Promise (&lt;anonymous&gt;)
    at callAsyncCircusFn (C:\Users\j.serafini\AppData\Roaming\npm\node_modules\jest\node_modules\jest-circus\build\utils.js:231:10)
    at _callCircusHook (C:\Users\j.serafini\AppData\Roaming\npm\node_modules\jest\node_modules\jest-circus\build\run.js:281:40)
    at processTicksAndRejections (node:internal/process/task_queues:105:5)
    at _runTest (C:\Users\j.serafini\AppData\Roaming\npm\node_modules\jest\node_modules\jest-circus\build\run.js:246:5)
    at _runTestsForDescribeBlock (C:\Users\j.serafini\AppData\Roaming\npm\node_modules\jest\node_modules\jest-circus\build\run.js:126:9)
    at _runTestsForDescribeBlock (C:\Users\j.serafini\AppData\Roaming\npm\node_modules\jest\node_modules\jest-circus\build\run.js:121:9)
    at _runTestsForDescribeBlock (C:\Users\j.serafini\AppData\Roaming\npm\node_modules\jest\node_modules\jest-circus\build\run.js:121:9)
    at run (C:\Users\j.serafini\AppData\Roaming\npm\node_modules\jest\node_modules\jest-circus\build\run.js:71:3)
    at runAndTransformResultsToJestFormat (C:\Users\j.serafini\AppData\Roaming\npm\node_modules\jest\node_modules\jest-circus\build\legacy-code-todo-rewrite\jestAdapterInit.js:122:21)
    at jestAdapter (C:\Users\j.serafini\AppData\Roaming\npm\node_modules\jest\node_modules\jest-circus\build\legacy-code-todo-rewrite\jestAdapter.js:79:19)
    at runTestInternal (C:\Users\j.serafini\AppData\Roaming\npm\node_modules\jest\node_modules\jest-runner\build\runTest.js:367:16)
    at runTest (C:\Users\j.serafini\AppData\Roaming\npm\node_modules\jest\node_modules\jest-runner\build\runTest.js:444:34)
    at Object.worker (C:\Users\j.serafini\AppData\Roaming\npm\node_modules\jest\node_modules\jest-runner\build\testWorker.js:106:12)</failure>
    </testcase>
    <testcase classname="Contact API Route Validation des données devrait accepter des emails avec différents formats" name="Contact API Route Validation des données devrait accepter des emails avec différents formats" time="0.001">
      <failure>TypeError: jest.mocked(...).mockImplementation is not a function
    at Object.mockImplementation (C:\Users\j.serafini\Desktop\Jordan\Code\sli\app\api\contact\__tests__\route.test.ts:37:25)
    at Promise.then.completed (C:\Users\j.serafini\AppData\Roaming\npm\node_modules\jest\node_modules\jest-circus\build\utils.js:298:28)
    at new Promise (&lt;anonymous&gt;)
    at callAsyncCircusFn (C:\Users\j.serafini\AppData\Roaming\npm\node_modules\jest\node_modules\jest-circus\build\utils.js:231:10)
    at _callCircusHook (C:\Users\j.serafini\AppData\Roaming\npm\node_modules\jest\node_modules\jest-circus\build\run.js:281:40)
    at processTicksAndRejections (node:internal/process/task_queues:105:5)
    at _runTest (C:\Users\j.serafini\AppData\Roaming\npm\node_modules\jest\node_modules\jest-circus\build\run.js:246:5)
    at _runTestsForDescribeBlock (C:\Users\j.serafini\AppData\Roaming\npm\node_modules\jest\node_modules\jest-circus\build\run.js:126:9)
    at _runTestsForDescribeBlock (C:\Users\j.serafini\AppData\Roaming\npm\node_modules\jest\node_modules\jest-circus\build\run.js:121:9)
    at _runTestsForDescribeBlock (C:\Users\j.serafini\AppData\Roaming\npm\node_modules\jest\node_modules\jest-circus\build\run.js:121:9)
    at run (C:\Users\j.serafini\AppData\Roaming\npm\node_modules\jest\node_modules\jest-circus\build\run.js:71:3)
    at runAndTransformResultsToJestFormat (C:\Users\j.serafini\AppData\Roaming\npm\node_modules\jest\node_modules\jest-circus\build\legacy-code-todo-rewrite\jestAdapterInit.js:122:21)
    at jestAdapter (C:\Users\j.serafini\AppData\Roaming\npm\node_modules\jest\node_modules\jest-circus\build\legacy-code-todo-rewrite\jestAdapter.js:79:19)
    at runTestInternal (C:\Users\j.serafini\AppData\Roaming\npm\node_modules\jest\node_modules\jest-runner\build\runTest.js:367:16)
    at runTest (C:\Users\j.serafini\AppData\Roaming\npm\node_modules\jest\node_modules\jest-runner\build\runTest.js:444:34)
    at Object.worker (C:\Users\j.serafini\AppData\Roaming\npm\node_modules\jest\node_modules\jest-runner\build\testWorker.js:106:12)</failure>
    </testcase>
    <testcase classname="Contact API Route Configuration de l&apos;environnement devrait retourner 500 si RESEND_API_KEY n&apos;est pas configurée" name="Contact API Route Configuration de l&apos;environnement devrait retourner 500 si RESEND_API_KEY n&apos;est pas configurée" time="0">
      <failure>TypeError: jest.mocked(...).mockImplementation is not a function
    at Object.mockImplementation (C:\Users\j.serafini\Desktop\Jordan\Code\sli\app\api\contact\__tests__\route.test.ts:37:25)
    at Promise.then.completed (C:\Users\j.serafini\AppData\Roaming\npm\node_modules\jest\node_modules\jest-circus\build\utils.js:298:28)
    at new Promise (&lt;anonymous&gt;)
    at callAsyncCircusFn (C:\Users\j.serafini\AppData\Roaming\npm\node_modules\jest\node_modules\jest-circus\build\utils.js:231:10)
    at _callCircusHook (C:\Users\j.serafini\AppData\Roaming\npm\node_modules\jest\node_modules\jest-circus\build\run.js:281:40)
    at processTicksAndRejections (node:internal/process/task_queues:105:5)
    at _runTest (C:\Users\j.serafini\AppData\Roaming\npm\node_modules\jest\node_modules\jest-circus\build\run.js:246:5)
    at _runTestsForDescribeBlock (C:\Users\j.serafini\AppData\Roaming\npm\node_modules\jest\node_modules\jest-circus\build\run.js:126:9)
    at _runTestsForDescribeBlock (C:\Users\j.serafini\AppData\Roaming\npm\node_modules\jest\node_modules\jest-circus\build\run.js:121:9)
    at _runTestsForDescribeBlock (C:\Users\j.serafini\AppData\Roaming\npm\node_modules\jest\node_modules\jest-circus\build\run.js:121:9)
    at run (C:\Users\j.serafini\AppData\Roaming\npm\node_modules\jest\node_modules\jest-circus\build\run.js:71:3)
    at runAndTransformResultsToJestFormat (C:\Users\j.serafini\AppData\Roaming\npm\node_modules\jest\node_modules\jest-circus\build\legacy-code-todo-rewrite\jestAdapterInit.js:122:21)
    at jestAdapter (C:\Users\j.serafini\AppData\Roaming\npm\node_modules\jest\node_modules\jest-circus\build\legacy-code-todo-rewrite\jestAdapter.js:79:19)
    at runTestInternal (C:\Users\j.serafini\AppData\Roaming\npm\node_modules\jest\node_modules\jest-runner\build\runTest.js:367:16)
    at runTest (C:\Users\j.serafini\AppData\Roaming\npm\node_modules\jest\node_modules\jest-runner\build\runTest.js:444:34)
    at Object.worker (C:\Users\j.serafini\AppData\Roaming\npm\node_modules\jest\node_modules\jest-runner\build\testWorker.js:106:12)</failure>
    </testcase>
    <testcase classname="Contact API Route Envoi d&apos;email réussi devrait envoyer un email avec les bonnes données" name="Contact API Route Envoi d&apos;email réussi devrait envoyer un email avec les bonnes données" time="0">
      <failure>TypeError: jest.mocked(...).mockImplementation is not a function
    at Object.mockImplementation (C:\Users\j.serafini\Desktop\Jordan\Code\sli\app\api\contact\__tests__\route.test.ts:37:25)
    at Promise.then.completed (C:\Users\j.serafini\AppData\Roaming\npm\node_modules\jest\node_modules\jest-circus\build\utils.js:298:28)
    at new Promise (&lt;anonymous&gt;)
    at callAsyncCircusFn (C:\Users\j.serafini\AppData\Roaming\npm\node_modules\jest\node_modules\jest-circus\build\utils.js:231:10)
    at _callCircusHook (C:\Users\j.serafini\AppData\Roaming\npm\node_modules\jest\node_modules\jest-circus\build\run.js:281:40)
    at processTicksAndRejections (node:internal/process/task_queues:105:5)
    at _runTest (C:\Users\j.serafini\AppData\Roaming\npm\node_modules\jest\node_modules\jest-circus\build\run.js:246:5)
    at _runTestsForDescribeBlock (C:\Users\j.serafini\AppData\Roaming\npm\node_modules\jest\node_modules\jest-circus\build\run.js:126:9)
    at _runTestsForDescribeBlock (C:\Users\j.serafini\AppData\Roaming\npm\node_modules\jest\node_modules\jest-circus\build\run.js:121:9)
    at _runTestsForDescribeBlock (C:\Users\j.serafini\AppData\Roaming\npm\node_modules\jest\node_modules\jest-circus\build\run.js:121:9)
    at run (C:\Users\j.serafini\AppData\Roaming\npm\node_modules\jest\node_modules\jest-circus\build\run.js:71:3)
    at runAndTransformResultsToJestFormat (C:\Users\j.serafini\AppData\Roaming\npm\node_modules\jest\node_modules\jest-circus\build\legacy-code-todo-rewrite\jestAdapterInit.js:122:21)
    at jestAdapter (C:\Users\j.serafini\AppData\Roaming\npm\node_modules\jest\node_modules\jest-circus\build\legacy-code-todo-rewrite\jestAdapter.js:79:19)
    at runTestInternal (C:\Users\j.serafini\AppData\Roaming\npm\node_modules\jest\node_modules\jest-runner\build\runTest.js:367:16)
    at runTest (C:\Users\j.serafini\AppData\Roaming\npm\node_modules\jest\node_modules\jest-runner\build\runTest.js:444:34)
    at Object.worker (C:\Users\j.serafini\AppData\Roaming\npm\node_modules\jest\node_modules\jest-runner\build\testWorker.js:106:12)</failure>
    </testcase>
    <testcase classname="Contact API Route Envoi d&apos;email réussi devrait envoyer un email sans numéro de téléphone" name="Contact API Route Envoi d&apos;email réussi devrait envoyer un email sans numéro de téléphone" time="0.001">
      <failure>TypeError: jest.mocked(...).mockImplementation is not a function
    at Object.mockImplementation (C:\Users\j.serafini\Desktop\Jordan\Code\sli\app\api\contact\__tests__\route.test.ts:37:25)
    at Promise.then.completed (C:\Users\j.serafini\AppData\Roaming\npm\node_modules\jest\node_modules\jest-circus\build\utils.js:298:28)
    at new Promise (&lt;anonymous&gt;)
    at callAsyncCircusFn (C:\Users\j.serafini\AppData\Roaming\npm\node_modules\jest\node_modules\jest-circus\build\utils.js:231:10)
    at _callCircusHook (C:\Users\j.serafini\AppData\Roaming\npm\node_modules\jest\node_modules\jest-circus\build\run.js:281:40)
    at processTicksAndRejections (node:internal/process/task_queues:105:5)
    at _runTest (C:\Users\j.serafini\AppData\Roaming\npm\node_modules\jest\node_modules\jest-circus\build\run.js:246:5)
    at _runTestsForDescribeBlock (C:\Users\j.serafini\AppData\Roaming\npm\node_modules\jest\node_modules\jest-circus\build\run.js:126:9)
    at _runTestsForDescribeBlock (C:\Users\j.serafini\AppData\Roaming\npm\node_modules\jest\node_modules\jest-circus\build\run.js:121:9)
    at _runTestsForDescribeBlock (C:\Users\j.serafini\AppData\Roaming\npm\node_modules\jest\node_modules\jest-circus\build\run.js:121:9)
    at run (C:\Users\j.serafini\AppData\Roaming\npm\node_modules\jest\node_modules\jest-circus\build\run.js:71:3)
    at runAndTransformResultsToJestFormat (C:\Users\j.serafini\AppData\Roaming\npm\node_modules\jest\node_modules\jest-circus\build\legacy-code-todo-rewrite\jestAdapterInit.js:122:21)
    at jestAdapter (C:\Users\j.serafini\AppData\Roaming\npm\node_modules\jest\node_modules\jest-circus\build\legacy-code-todo-rewrite\jestAdapter.js:79:19)
    at runTestInternal (C:\Users\j.serafini\AppData\Roaming\npm\node_modules\jest\node_modules\jest-runner\build\runTest.js:367:16)
    at runTest (C:\Users\j.serafini\AppData\Roaming\npm\node_modules\jest\node_modules\jest-runner\build\runTest.js:444:34)
    at Object.worker (C:\Users\j.serafini\AppData\Roaming\npm\node_modules\jest\node_modules\jest-runner\build\testWorker.js:106:12)</failure>
    </testcase>
    <testcase classname="Contact API Route Gestion des erreurs Resend devrait retourner 500 en cas d&apos;erreur Resend" name="Contact API Route Gestion des erreurs Resend devrait retourner 500 en cas d&apos;erreur Resend" time="0">
      <failure>TypeError: jest.mocked(...).mockImplementation is not a function
    at Object.mockImplementation (C:\Users\j.serafini\Desktop\Jordan\Code\sli\app\api\contact\__tests__\route.test.ts:37:25)
    at Promise.then.completed (C:\Users\j.serafini\AppData\Roaming\npm\node_modules\jest\node_modules\jest-circus\build\utils.js:298:28)
    at new Promise (&lt;anonymous&gt;)
    at callAsyncCircusFn (C:\Users\j.serafini\AppData\Roaming\npm\node_modules\jest\node_modules\jest-circus\build\utils.js:231:10)
    at _callCircusHook (C:\Users\j.serafini\AppData\Roaming\npm\node_modules\jest\node_modules\jest-circus\build\run.js:281:40)
    at processTicksAndRejections (node:internal/process/task_queues:105:5)
    at _runTest (C:\Users\j.serafini\AppData\Roaming\npm\node_modules\jest\node_modules\jest-circus\build\run.js:246:5)
    at _runTestsForDescribeBlock (C:\Users\j.serafini\AppData\Roaming\npm\node_modules\jest\node_modules\jest-circus\build\run.js:126:9)
    at _runTestsForDescribeBlock (C:\Users\j.serafini\AppData\Roaming\npm\node_modules\jest\node_modules\jest-circus\build\run.js:121:9)
    at _runTestsForDescribeBlock (C:\Users\j.serafini\AppData\Roaming\npm\node_modules\jest\node_modules\jest-circus\build\run.js:121:9)
    at run (C:\Users\j.serafini\AppData\Roaming\npm\node_modules\jest\node_modules\jest-circus\build\run.js:71:3)
    at runAndTransformResultsToJestFormat (C:\Users\j.serafini\AppData\Roaming\npm\node_modules\jest\node_modules\jest-circus\build\legacy-code-todo-rewrite\jestAdapterInit.js:122:21)
    at jestAdapter (C:\Users\j.serafini\AppData\Roaming\npm\node_modules\jest\node_modules\jest-circus\build\legacy-code-todo-rewrite\jestAdapter.js:79:19)
    at runTestInternal (C:\Users\j.serafini\AppData\Roaming\npm\node_modules\jest\node_modules\jest-runner\build\runTest.js:367:16)
    at runTest (C:\Users\j.serafini\AppData\Roaming\npm\node_modules\jest\node_modules\jest-runner\build\runTest.js:444:34)
    at Object.worker (C:\Users\j.serafini\AppData\Roaming\npm\node_modules\jest\node_modules\jest-runner\build\testWorker.js:106:12)</failure>
    </testcase>
    <testcase classname="Contact API Route Gestion des erreurs Resend devrait retourner 500 en cas d&apos;exception non gérée" name="Contact API Route Gestion des erreurs Resend devrait retourner 500 en cas d&apos;exception non gérée" time="0">
      <failure>TypeError: jest.mocked(...).mockImplementation is not a function
    at Object.mockImplementation (C:\Users\j.serafini\Desktop\Jordan\Code\sli\app\api\contact\__tests__\route.test.ts:37:25)
    at Promise.then.completed (C:\Users\j.serafini\AppData\Roaming\npm\node_modules\jest\node_modules\jest-circus\build\utils.js:298:28)
    at new Promise (&lt;anonymous&gt;)
    at callAsyncCircusFn (C:\Users\j.serafini\AppData\Roaming\npm\node_modules\jest\node_modules\jest-circus\build\utils.js:231:10)
    at _callCircusHook (C:\Users\j.serafini\AppData\Roaming\npm\node_modules\jest\node_modules\jest-circus\build\run.js:281:40)
    at processTicksAndRejections (node:internal/process/task_queues:105:5)
    at _runTest (C:\Users\j.serafini\AppData\Roaming\npm\node_modules\jest\node_modules\jest-circus\build\run.js:246:5)
    at _runTestsForDescribeBlock (C:\Users\j.serafini\AppData\Roaming\npm\node_modules\jest\node_modules\jest-circus\build\run.js:126:9)
    at _runTestsForDescribeBlock (C:\Users\j.serafini\AppData\Roaming\npm\node_modules\jest\node_modules\jest-circus\build\run.js:121:9)
    at _runTestsForDescribeBlock (C:\Users\j.serafini\AppData\Roaming\npm\node_modules\jest\node_modules\jest-circus\build\run.js:121:9)
    at run (C:\Users\j.serafini\AppData\Roaming\npm\node_modules\jest\node_modules\jest-circus\build\run.js:71:3)
    at runAndTransformResultsToJestFormat (C:\Users\j.serafini\AppData\Roaming\npm\node_modules\jest\node_modules\jest-circus\build\legacy-code-todo-rewrite\jestAdapterInit.js:122:21)
    at jestAdapter (C:\Users\j.serafini\AppData\Roaming\npm\node_modules\jest\node_modules\jest-circus\build\legacy-code-todo-rewrite\jestAdapter.js:79:19)
    at runTestInternal (C:\Users\j.serafini\AppData\Roaming\npm\node_modules\jest\node_modules\jest-runner\build\runTest.js:367:16)
    at runTest (C:\Users\j.serafini\AppData\Roaming\npm\node_modules\jest\node_modules\jest-runner\build\runTest.js:444:34)
    at Object.worker (C:\Users\j.serafini\AppData\Roaming\npm\node_modules\jest\node_modules\jest-runner\build\testWorker.js:106:12)</failure>
    </testcase>
    <testcase classname="Contact API Route Données malformées devrait gérer un JSON invalide" name="Contact API Route Données malformées devrait gérer un JSON invalide" time="0">
      <failure>TypeError: jest.mocked(...).mockImplementation is not a function
    at Object.mockImplementation (C:\Users\j.serafini\Desktop\Jordan\Code\sli\app\api\contact\__tests__\route.test.ts:37:25)
    at Promise.then.completed (C:\Users\j.serafini\AppData\Roaming\npm\node_modules\jest\node_modules\jest-circus\build\utils.js:298:28)
    at new Promise (&lt;anonymous&gt;)
    at callAsyncCircusFn (C:\Users\j.serafini\AppData\Roaming\npm\node_modules\jest\node_modules\jest-circus\build\utils.js:231:10)
    at _callCircusHook (C:\Users\j.serafini\AppData\Roaming\npm\node_modules\jest\node_modules\jest-circus\build\run.js:281:40)
    at processTicksAndRejections (node:internal/process/task_queues:105:5)
    at _runTest (C:\Users\j.serafini\AppData\Roaming\npm\node_modules\jest\node_modules\jest-circus\build\run.js:246:5)
    at _runTestsForDescribeBlock (C:\Users\j.serafini\AppData\Roaming\npm\node_modules\jest\node_modules\jest-circus\build\run.js:126:9)
    at _runTestsForDescribeBlock (C:\Users\j.serafini\AppData\Roaming\npm\node_modules\jest\node_modules\jest-circus\build\run.js:121:9)
    at _runTestsForDescribeBlock (C:\Users\j.serafini\AppData\Roaming\npm\node_modules\jest\node_modules\jest-circus\build\run.js:121:9)
    at run (C:\Users\j.serafini\AppData\Roaming\npm\node_modules\jest\node_modules\jest-circus\build\run.js:71:3)
    at runAndTransformResultsToJestFormat (C:\Users\j.serafini\AppData\Roaming\npm\node_modules\jest\node_modules\jest-circus\build\legacy-code-todo-rewrite\jestAdapterInit.js:122:21)
    at jestAdapter (C:\Users\j.serafini\AppData\Roaming\npm\node_modules\jest\node_modules\jest-circus\build\legacy-code-todo-rewrite\jestAdapter.js:79:19)
    at runTestInternal (C:\Users\j.serafini\AppData\Roaming\npm\node_modules\jest\node_modules\jest-runner\build\runTest.js:367:16)
    at runTest (C:\Users\j.serafini\AppData\Roaming\npm\node_modules\jest\node_modules\jest-runner\build\runTest.js:444:34)
    at Object.worker (C:\Users\j.serafini\AppData\Roaming\npm\node_modules\jest\node_modules\jest-runner\build\testWorker.js:106:12)</failure>
    </testcase>
    <testcase classname="Contact API Route Données malformées devrait gérer des champs avec des espaces uniquement" name="Contact API Route Données malformées devrait gérer des champs avec des espaces uniquement" time="0.001">
      <failure>TypeError: jest.mocked(...).mockImplementation is not a function
    at Object.mockImplementation (C:\Users\j.serafini\Desktop\Jordan\Code\sli\app\api\contact\__tests__\route.test.ts:37:25)
    at Promise.then.completed (C:\Users\j.serafini\AppData\Roaming\npm\node_modules\jest\node_modules\jest-circus\build\utils.js:298:28)
    at new Promise (&lt;anonymous&gt;)
    at callAsyncCircusFn (C:\Users\j.serafini\AppData\Roaming\npm\node_modules\jest\node_modules\jest-circus\build\utils.js:231:10)
    at _callCircusHook (C:\Users\j.serafini\AppData\Roaming\npm\node_modules\jest\node_modules\jest-circus\build\run.js:281:40)
    at processTicksAndRejections (node:internal/process/task_queues:105:5)
    at _runTest (C:\Users\j.serafini\AppData\Roaming\npm\node_modules\jest\node_modules\jest-circus\build\run.js:246:5)
    at _runTestsForDescribeBlock (C:\Users\j.serafini\AppData\Roaming\npm\node_modules\jest\node_modules\jest-circus\build\run.js:126:9)
    at _runTestsForDescribeBlock (C:\Users\j.serafini\AppData\Roaming\npm\node_modules\jest\node_modules\jest-circus\build\run.js:121:9)
    at _runTestsForDescribeBlock (C:\Users\j.serafini\AppData\Roaming\npm\node_modules\jest\node_modules\jest-circus\build\run.js:121:9)
    at run (C:\Users\j.serafini\AppData\Roaming\npm\node_modules\jest\node_modules\jest-circus\build\run.js:71:3)
    at runAndTransformResultsToJestFormat (C:\Users\j.serafini\AppData\Roaming\npm\node_modules\jest\node_modules\jest-circus\build\legacy-code-todo-rewrite\jestAdapterInit.js:122:21)
    at jestAdapter (C:\Users\j.serafini\AppData\Roaming\npm\node_modules\jest\node_modules\jest-circus\build\legacy-code-todo-rewrite\jestAdapter.js:79:19)
    at runTestInternal (C:\Users\j.serafini\AppData\Roaming\npm\node_modules\jest\node_modules\jest-runner\build\runTest.js:367:16)
    at runTest (C:\Users\j.serafini\AppData\Roaming\npm\node_modules\jest\node_modules\jest-runner\build\runTest.js:444:34)
    at Object.worker (C:\Users\j.serafini\AppData\Roaming\npm\node_modules\jest\node_modules\jest-runner\build\testWorker.js:106:12)</failure>
    </testcase>
    <testcase classname="Contact API Route Caractères spéciaux et sécurité devrait gérer les caractères spéciaux dans le nom" name="Contact API Route Caractères spéciaux et sécurité devrait gérer les caractères spéciaux dans le nom" time="0.001">
      <failure>TypeError: jest.mocked(...).mockImplementation is not a function
    at Object.mockImplementation (C:\Users\j.serafini\Desktop\Jordan\Code\sli\app\api\contact\__tests__\route.test.ts:37:25)
    at Promise.then.completed (C:\Users\j.serafini\AppData\Roaming\npm\node_modules\jest\node_modules\jest-circus\build\utils.js:298:28)
    at new Promise (&lt;anonymous&gt;)
    at callAsyncCircusFn (C:\Users\j.serafini\AppData\Roaming\npm\node_modules\jest\node_modules\jest-circus\build\utils.js:231:10)
    at _callCircusHook (C:\Users\j.serafini\AppData\Roaming\npm\node_modules\jest\node_modules\jest-circus\build\run.js:281:40)
    at processTicksAndRejections (node:internal/process/task_queues:105:5)
    at _runTest (C:\Users\j.serafini\AppData\Roaming\npm\node_modules\jest\node_modules\jest-circus\build\run.js:246:5)
    at _runTestsForDescribeBlock (C:\Users\j.serafini\AppData\Roaming\npm\node_modules\jest\node_modules\jest-circus\build\run.js:126:9)
    at _runTestsForDescribeBlock (C:\Users\j.serafini\AppData\Roaming\npm\node_modules\jest\node_modules\jest-circus\build\run.js:121:9)
    at _runTestsForDescribeBlock (C:\Users\j.serafini\AppData\Roaming\npm\node_modules\jest\node_modules\jest-circus\build\run.js:121:9)
    at run (C:\Users\j.serafini\AppData\Roaming\npm\node_modules\jest\node_modules\jest-circus\build\run.js:71:3)
    at runAndTransformResultsToJestFormat (C:\Users\j.serafini\AppData\Roaming\npm\node_modules\jest\node_modules\jest-circus\build\legacy-code-todo-rewrite\jestAdapterInit.js:122:21)
    at jestAdapter (C:\Users\j.serafini\AppData\Roaming\npm\node_modules\jest\node_modules\jest-circus\build\legacy-code-todo-rewrite\jestAdapter.js:79:19)
    at runTestInternal (C:\Users\j.serafini\AppData\Roaming\npm\node_modules\jest\node_modules\jest-runner\build\runTest.js:367:16)
    at runTest (C:\Users\j.serafini\AppData\Roaming\npm\node_modules\jest\node_modules\jest-runner\build\runTest.js:444:34)
    at Object.worker (C:\Users\j.serafini\AppData\Roaming\npm\node_modules\jest\node_modules\jest-runner\build\testWorker.js:106:12)</failure>
    </testcase>
    <testcase classname="Contact API Route Caractères spéciaux et sécurité devrait gérer les numéros de téléphone avec différents formats" name="Contact API Route Caractères spéciaux et sécurité devrait gérer les numéros de téléphone avec différents formats" time="0">
      <failure>TypeError: jest.mocked(...).mockImplementation is not a function
    at Object.mockImplementation (C:\Users\j.serafini\Desktop\Jordan\Code\sli\app\api\contact\__tests__\route.test.ts:37:25)
    at Promise.then.completed (C:\Users\j.serafini\AppData\Roaming\npm\node_modules\jest\node_modules\jest-circus\build\utils.js:298:28)
    at new Promise (&lt;anonymous&gt;)
    at callAsyncCircusFn (C:\Users\j.serafini\AppData\Roaming\npm\node_modules\jest\node_modules\jest-circus\build\utils.js:231:10)
    at _callCircusHook (C:\Users\j.serafini\AppData\Roaming\npm\node_modules\jest\node_modules\jest-circus\build\run.js:281:40)
    at processTicksAndRejections (node:internal/process/task_queues:105:5)
    at _runTest (C:\Users\j.serafini\AppData\Roaming\npm\node_modules\jest\node_modules\jest-circus\build\run.js:246:5)
    at _runTestsForDescribeBlock (C:\Users\j.serafini\AppData\Roaming\npm\node_modules\jest\node_modules\jest-circus\build\run.js:126:9)
    at _runTestsForDescribeBlock (C:\Users\j.serafini\AppData\Roaming\npm\node_modules\jest\node_modules\jest-circus\build\run.js:121:9)
    at _runTestsForDescribeBlock (C:\Users\j.serafini\AppData\Roaming\npm\node_modules\jest\node_modules\jest-circus\build\run.js:121:9)
    at run (C:\Users\j.serafini\AppData\Roaming\npm\node_modules\jest\node_modules\jest-circus\build\run.js:71:3)
    at runAndTransformResultsToJestFormat (C:\Users\j.serafini\AppData\Roaming\npm\node_modules\jest\node_modules\jest-circus\build\legacy-code-todo-rewrite\jestAdapterInit.js:122:21)
    at jestAdapter (C:\Users\j.serafini\AppData\Roaming\npm\node_modules\jest\node_modules\jest-circus\build\legacy-code-todo-rewrite\jestAdapter.js:79:19)
    at runTestInternal (C:\Users\j.serafini\AppData\Roaming\npm\node_modules\jest\node_modules\jest-runner\build\runTest.js:367:16)
    at runTest (C:\Users\j.serafini\AppData\Roaming\npm\node_modules\jest\node_modules\jest-runner\build\runTest.js:444:34)
    at Object.worker (C:\Users\j.serafini\AppData\Roaming\npm\node_modules\jest\node_modules\jest-runner\build\testWorker.js:106:12)</failure>
    </testcase>
  </testsuite>
  <testsuite name="IslClient Component" errors="0" failures="18" skipped="0" timestamp="2025-07-07T15:21:11" time="2.01" tests="18">
    <testcase classname="IslClient Component devrait se rendre sans crash" name="IslClient Component devrait se rendre sans crash" time="0.012">
      <failure>Error: Target container is not a DOM element.
    at Object.&lt;anonymous&gt;.process.env.NODE_ENV.exports.createRoot (C:\Users\j.serafini\Desktop\Jordan\Code\sli\node_modules\react-dom\cjs\react-dom-client.development.js:24604:15)
    at createConcurrentRoot (C:\Users\j.serafini\Desktop\Jordan\Code\sli\node_modules\@testing-library\react\dist\pure.js:146:27)
    at render (C:\Users\j.serafini\Desktop\Jordan\Code\sli\node_modules\@testing-library\react\dist\pure.js:262:12)
    at Object.&lt;anonymous&gt; (C:\Users\j.serafini\Desktop\Jordan\Code\sli\app\telemaintenance\__tests__\ISLinput.test.tsx:72:11)
    at Promise.then.completed (C:\Users\j.serafini\AppData\Roaming\npm\node_modules\jest\node_modules\jest-circus\build\utils.js:298:28)
    at new Promise (&lt;anonymous&gt;)
    at callAsyncCircusFn (C:\Users\j.serafini\AppData\Roaming\npm\node_modules\jest\node_modules\jest-circus\build\utils.js:231:10)
    at _callCircusTest (C:\Users\j.serafini\AppData\Roaming\npm\node_modules\jest\node_modules\jest-circus\build\run.js:316:40)
    at processTicksAndRejections (node:internal/process/task_queues:105:5)
    at _runTest (C:\Users\j.serafini\AppData\Roaming\npm\node_modules\jest\node_modules\jest-circus\build\run.js:252:3)
    at _runTestsForDescribeBlock (C:\Users\j.serafini\AppData\Roaming\npm\node_modules\jest\node_modules\jest-circus\build\run.js:126:9)
    at _runTestsForDescribeBlock (C:\Users\j.serafini\AppData\Roaming\npm\node_modules\jest\node_modules\jest-circus\build\run.js:121:9)
    at run (C:\Users\j.serafini\AppData\Roaming\npm\node_modules\jest\node_modules\jest-circus\build\run.js:71:3)
    at runAndTransformResultsToJestFormat (C:\Users\j.serafini\AppData\Roaming\npm\node_modules\jest\node_modules\jest-circus\build\legacy-code-todo-rewrite\jestAdapterInit.js:122:21)
    at jestAdapter (C:\Users\j.serafini\AppData\Roaming\npm\node_modules\jest\node_modules\jest-circus\build\legacy-code-todo-rewrite\jestAdapter.js:79:19)
    at runTestInternal (C:\Users\j.serafini\AppData\Roaming\npm\node_modules\jest\node_modules\jest-runner\build\runTest.js:367:16)
    at runTest (C:\Users\j.serafini\AppData\Roaming\npm\node_modules\jest\node_modules\jest-runner\build\runTest.js:444:34)
    at Object.worker (C:\Users\j.serafini\AppData\Roaming\npm\node_modules\jest\node_modules\jest-runner\build\testWorker.js:106:12)</failure>
    </testcase>
    <testcase classname="IslClient Component Interface utilisateur devrait afficher tous les éléments principaux" name="IslClient Component Interface utilisateur devrait afficher tous les éléments principaux" time="0.001">
      <failure>Error: Target container is not a DOM element.
    at Object.&lt;anonymous&gt;.process.env.NODE_ENV.exports.createRoot (C:\Users\j.serafini\Desktop\Jordan\Code\sli\node_modules\react-dom\cjs\react-dom-client.development.js:24604:15)
    at createConcurrentRoot (C:\Users\j.serafini\Desktop\Jordan\Code\sli\node_modules\@testing-library\react\dist\pure.js:146:27)
    at render (C:\Users\j.serafini\Desktop\Jordan\Code\sli\node_modules\@testing-library\react\dist\pure.js:262:12)
    at Object.&lt;anonymous&gt; (C:\Users\j.serafini\Desktop\Jordan\Code\sli\app\telemaintenance\__tests__\ISLinput.test.tsx:80:13)
    at Promise.then.completed (C:\Users\j.serafini\AppData\Roaming\npm\node_modules\jest\node_modules\jest-circus\build\utils.js:298:28)
    at new Promise (&lt;anonymous&gt;)
    at callAsyncCircusFn (C:\Users\j.serafini\AppData\Roaming\npm\node_modules\jest\node_modules\jest-circus\build\utils.js:231:10)
    at _callCircusTest (C:\Users\j.serafini\AppData\Roaming\npm\node_modules\jest\node_modules\jest-circus\build\run.js:316:40)
    at processTicksAndRejections (node:internal/process/task_queues:105:5)
    at _runTest (C:\Users\j.serafini\AppData\Roaming\npm\node_modules\jest\node_modules\jest-circus\build\run.js:252:3)
    at _runTestsForDescribeBlock (C:\Users\j.serafini\AppData\Roaming\npm\node_modules\jest\node_modules\jest-circus\build\run.js:126:9)
    at _runTestsForDescribeBlock (C:\Users\j.serafini\AppData\Roaming\npm\node_modules\jest\node_modules\jest-circus\build\run.js:121:9)
    at _runTestsForDescribeBlock (C:\Users\j.serafini\AppData\Roaming\npm\node_modules\jest\node_modules\jest-circus\build\run.js:121:9)
    at run (C:\Users\j.serafini\AppData\Roaming\npm\node_modules\jest\node_modules\jest-circus\build\run.js:71:3)
    at runAndTransformResultsToJestFormat (C:\Users\j.serafini\AppData\Roaming\npm\node_modules\jest\node_modules\jest-circus\build\legacy-code-todo-rewrite\jestAdapterInit.js:122:21)
    at jestAdapter (C:\Users\j.serafini\AppData\Roaming\npm\node_modules\jest\node_modules\jest-circus\build\legacy-code-todo-rewrite\jestAdapter.js:79:19)
    at runTestInternal (C:\Users\j.serafini\AppData\Roaming\npm\node_modules\jest\node_modules\jest-runner\build\runTest.js:367:16)
    at runTest (C:\Users\j.serafini\AppData\Roaming\npm\node_modules\jest\node_modules\jest-runner\build\runTest.js:444:34)
    at Object.worker (C:\Users\j.serafini\AppData\Roaming\npm\node_modules\jest\node_modules\jest-runner\build\testWorker.js:106:12)</failure>
    </testcase>
    <testcase classname="IslClient Component Interface utilisateur devrait avoir le champ de code requis" name="IslClient Component Interface utilisateur devrait avoir le champ de code requis" time="0">
      <failure>Error: Target container is not a DOM element.
    at Object.&lt;anonymous&gt;.process.env.NODE_ENV.exports.createRoot (C:\Users\j.serafini\Desktop\Jordan\Code\sli\node_modules\react-dom\cjs\react-dom-client.development.js:24604:15)
    at createConcurrentRoot (C:\Users\j.serafini\Desktop\Jordan\Code\sli\node_modules\@testing-library\react\dist\pure.js:146:27)
    at render (C:\Users\j.serafini\Desktop\Jordan\Code\sli\node_modules\@testing-library\react\dist\pure.js:262:12)
    at Object.&lt;anonymous&gt; (C:\Users\j.serafini\Desktop\Jordan\Code\sli\app\telemaintenance\__tests__\ISLinput.test.tsx:101:13)
    at Promise.then.completed (C:\Users\j.serafini\AppData\Roaming\npm\node_modules\jest\node_modules\jest-circus\build\utils.js:298:28)
    at new Promise (&lt;anonymous&gt;)
    at callAsyncCircusFn (C:\Users\j.serafini\AppData\Roaming\npm\node_modules\jest\node_modules\jest-circus\build\utils.js:231:10)
    at _callCircusTest (C:\Users\j.serafini\AppData\Roaming\npm\node_modules\jest\node_modules\jest-circus\build\run.js:316:40)
    at processTicksAndRejections (node:internal/process/task_queues:105:5)
    at _runTest (C:\Users\j.serafini\AppData\Roaming\npm\node_modules\jest\node_modules\jest-circus\build\run.js:252:3)
    at _runTestsForDescribeBlock (C:\Users\j.serafini\AppData\Roaming\npm\node_modules\jest\node_modules\jest-circus\build\run.js:126:9)
    at _runTestsForDescribeBlock (C:\Users\j.serafini\AppData\Roaming\npm\node_modules\jest\node_modules\jest-circus\build\run.js:121:9)
    at _runTestsForDescribeBlock (C:\Users\j.serafini\AppData\Roaming\npm\node_modules\jest\node_modules\jest-circus\build\run.js:121:9)
    at run (C:\Users\j.serafini\AppData\Roaming\npm\node_modules\jest\node_modules\jest-circus\build\run.js:71:3)
    at runAndTransformResultsToJestFormat (C:\Users\j.serafini\AppData\Roaming\npm\node_modules\jest\node_modules\jest-circus\build\legacy-code-todo-rewrite\jestAdapterInit.js:122:21)
    at jestAdapter (C:\Users\j.serafini\AppData\Roaming\npm\node_modules\jest\node_modules\jest-circus\build\legacy-code-todo-rewrite\jestAdapter.js:79:19)
    at runTestInternal (C:\Users\j.serafini\AppData\Roaming\npm\node_modules\jest\node_modules\jest-runner\build\runTest.js:367:16)
    at runTest (C:\Users\j.serafini\AppData\Roaming\npm\node_modules\jest\node_modules\jest-runner\build\runTest.js:444:34)
    at Object.worker (C:\Users\j.serafini\AppData\Roaming\npm\node_modules\jest\node_modules\jest-runner\build\testWorker.js:106:12)</failure>
    </testcase>
    <testcase classname="IslClient Component Interface utilisateur devrait désactiver le bouton quand le code est vide" name="IslClient Component Interface utilisateur devrait désactiver le bouton quand le code est vide" time="0.001">
      <failure>Error: Target container is not a DOM element.
    at Object.&lt;anonymous&gt;.process.env.NODE_ENV.exports.createRoot (C:\Users\j.serafini\Desktop\Jordan\Code\sli\node_modules\react-dom\cjs\react-dom-client.development.js:24604:15)
    at createConcurrentRoot (C:\Users\j.serafini\Desktop\Jordan\Code\sli\node_modules\@testing-library\react\dist\pure.js:146:27)
    at render (C:\Users\j.serafini\Desktop\Jordan\Code\sli\node_modules\@testing-library\react\dist\pure.js:262:12)
    at Object.&lt;anonymous&gt; (C:\Users\j.serafini\Desktop\Jordan\Code\sli\app\telemaintenance\__tests__\ISLinput.test.tsx:107:13)
    at Promise.then.completed (C:\Users\j.serafini\AppData\Roaming\npm\node_modules\jest\node_modules\jest-circus\build\utils.js:298:28)
    at new Promise (&lt;anonymous&gt;)
    at callAsyncCircusFn (C:\Users\j.serafini\AppData\Roaming\npm\node_modules\jest\node_modules\jest-circus\build\utils.js:231:10)
    at _callCircusTest (C:\Users\j.serafini\AppData\Roaming\npm\node_modules\jest\node_modules\jest-circus\build\run.js:316:40)
    at processTicksAndRejections (node:internal/process/task_queues:105:5)
    at _runTest (C:\Users\j.serafini\AppData\Roaming\npm\node_modules\jest\node_modules\jest-circus\build\run.js:252:3)
    at _runTestsForDescribeBlock (C:\Users\j.serafini\AppData\Roaming\npm\node_modules\jest\node_modules\jest-circus\build\run.js:126:9)
    at _runTestsForDescribeBlock (C:\Users\j.serafini\AppData\Roaming\npm\node_modules\jest\node_modules\jest-circus\build\run.js:121:9)
    at _runTestsForDescribeBlock (C:\Users\j.serafini\AppData\Roaming\npm\node_modules\jest\node_modules\jest-circus\build\run.js:121:9)
    at run (C:\Users\j.serafini\AppData\Roaming\npm\node_modules\jest\node_modules\jest-circus\build\run.js:71:3)
    at runAndTransformResultsToJestFormat (C:\Users\j.serafini\AppData\Roaming\npm\node_modules\jest\node_modules\jest-circus\build\legacy-code-todo-rewrite\jestAdapterInit.js:122:21)
    at jestAdapter (C:\Users\j.serafini\AppData\Roaming\npm\node_modules\jest\node_modules\jest-circus\build\legacy-code-todo-rewrite\jestAdapter.js:79:19)
    at runTestInternal (C:\Users\j.serafini\AppData\Roaming\npm\node_modules\jest\node_modules\jest-runner\build\runTest.js:367:16)
    at runTest (C:\Users\j.serafini\AppData\Roaming\npm\node_modules\jest\node_modules\jest-runner\build\runTest.js:444:34)
    at Object.worker (C:\Users\j.serafini\AppData\Roaming\npm\node_modules\jest\node_modules\jest-runner\build\testWorker.js:106:12)</failure>
    </testcase>
    <testcase classname="IslClient Component Saisie du code devrait permettre la saisie du code" name="IslClient Component Saisie du code devrait permettre la saisie du code" time="0">
      <failure>Error: Target container is not a DOM element.
    at Object.&lt;anonymous&gt;.process.env.NODE_ENV.exports.createRoot (C:\Users\j.serafini\Desktop\Jordan\Code\sli\node_modules\react-dom\cjs\react-dom-client.development.js:24604:15)
    at createConcurrentRoot (C:\Users\j.serafini\Desktop\Jordan\Code\sli\node_modules\@testing-library\react\dist\pure.js:146:27)
    at render (C:\Users\j.serafini\Desktop\Jordan\Code\sli\node_modules\@testing-library\react\dist\pure.js:262:12)
    at Object.&lt;anonymous&gt; (C:\Users\j.serafini\Desktop\Jordan\Code\sli\app\telemaintenance\__tests__\ISLinput.test.tsx:115:13)
    at Promise.then.completed (C:\Users\j.serafini\AppData\Roaming\npm\node_modules\jest\node_modules\jest-circus\build\utils.js:298:28)
    at new Promise (&lt;anonymous&gt;)
    at callAsyncCircusFn (C:\Users\j.serafini\AppData\Roaming\npm\node_modules\jest\node_modules\jest-circus\build\utils.js:231:10)
    at _callCircusTest (C:\Users\j.serafini\AppData\Roaming\npm\node_modules\jest\node_modules\jest-circus\build\run.js:316:40)
    at processTicksAndRejections (node:internal/process/task_queues:105:5)
    at _runTest (C:\Users\j.serafini\AppData\Roaming\npm\node_modules\jest\node_modules\jest-circus\build\run.js:252:3)
    at _runTestsForDescribeBlock (C:\Users\j.serafini\AppData\Roaming\npm\node_modules\jest\node_modules\jest-circus\build\run.js:126:9)
    at _runTestsForDescribeBlock (C:\Users\j.serafini\AppData\Roaming\npm\node_modules\jest\node_modules\jest-circus\build\run.js:121:9)
    at _runTestsForDescribeBlock (C:\Users\j.serafini\AppData\Roaming\npm\node_modules\jest\node_modules\jest-circus\build\run.js:121:9)
    at run (C:\Users\j.serafini\AppData\Roaming\npm\node_modules\jest\node_modules\jest-circus\build\run.js:71:3)
    at runAndTransformResultsToJestFormat (C:\Users\j.serafini\AppData\Roaming\npm\node_modules\jest\node_modules\jest-circus\build\legacy-code-todo-rewrite\jestAdapterInit.js:122:21)
    at jestAdapter (C:\Users\j.serafini\AppData\Roaming\npm\node_modules\jest\node_modules\jest-circus\build\legacy-code-todo-rewrite\jestAdapter.js:79:19)
    at runTestInternal (C:\Users\j.serafini\AppData\Roaming\npm\node_modules\jest\node_modules\jest-runner\build\runTest.js:367:16)
    at runTest (C:\Users\j.serafini\AppData\Roaming\npm\node_modules\jest\node_modules\jest-runner\build\runTest.js:444:34)
    at Object.worker (C:\Users\j.serafini\AppData\Roaming\npm\node_modules\jest\node_modules\jest-runner\build\testWorker.js:106:12)</failure>
    </testcase>
    <testcase classname="IslClient Component Saisie du code devrait activer le bouton quand un code est saisi" name="IslClient Component Saisie du code devrait activer le bouton quand un code est saisi" time="0">
      <failure>Error: Target container is not a DOM element.
    at Object.&lt;anonymous&gt;.process.env.NODE_ENV.exports.createRoot (C:\Users\j.serafini\Desktop\Jordan\Code\sli\node_modules\react-dom\cjs\react-dom-client.development.js:24604:15)
    at createConcurrentRoot (C:\Users\j.serafini\Desktop\Jordan\Code\sli\node_modules\@testing-library\react\dist\pure.js:146:27)
    at render (C:\Users\j.serafini\Desktop\Jordan\Code\sli\node_modules\@testing-library\react\dist\pure.js:262:12)
    at Object.&lt;anonymous&gt; (C:\Users\j.serafini\Desktop\Jordan\Code\sli\app\telemaintenance\__tests__\ISLinput.test.tsx:123:13)
    at Promise.then.completed (C:\Users\j.serafini\AppData\Roaming\npm\node_modules\jest\node_modules\jest-circus\build\utils.js:298:28)
    at new Promise (&lt;anonymous&gt;)
    at callAsyncCircusFn (C:\Users\j.serafini\AppData\Roaming\npm\node_modules\jest\node_modules\jest-circus\build\utils.js:231:10)
    at _callCircusTest (C:\Users\j.serafini\AppData\Roaming\npm\node_modules\jest\node_modules\jest-circus\build\run.js:316:40)
    at processTicksAndRejections (node:internal/process/task_queues:105:5)
    at _runTest (C:\Users\j.serafini\AppData\Roaming\npm\node_modules\jest\node_modules\jest-circus\build\run.js:252:3)
    at _runTestsForDescribeBlock (C:\Users\j.serafini\AppData\Roaming\npm\node_modules\jest\node_modules\jest-circus\build\run.js:126:9)
    at _runTestsForDescribeBlock (C:\Users\j.serafini\AppData\Roaming\npm\node_modules\jest\node_modules\jest-circus\build\run.js:121:9)
    at _runTestsForDescribeBlock (C:\Users\j.serafini\AppData\Roaming\npm\node_modules\jest\node_modules\jest-circus\build\run.js:121:9)
    at run (C:\Users\j.serafini\AppData\Roaming\npm\node_modules\jest\node_modules\jest-circus\build\run.js:71:3)
    at runAndTransformResultsToJestFormat (C:\Users\j.serafini\AppData\Roaming\npm\node_modules\jest\node_modules\jest-circus\build\legacy-code-todo-rewrite\jestAdapterInit.js:122:21)
    at jestAdapter (C:\Users\j.serafini\AppData\Roaming\npm\node_modules\jest\node_modules\jest-circus\build\legacy-code-todo-rewrite\jestAdapter.js:79:19)
    at runTestInternal (C:\Users\j.serafini\AppData\Roaming\npm\node_modules\jest\node_modules\jest-runner\build\runTest.js:367:16)
    at runTest (C:\Users\j.serafini\AppData\Roaming\npm\node_modules\jest\node_modules\jest-runner\build\runTest.js:444:34)
    at Object.worker (C:\Users\j.serafini\AppData\Roaming\npm\node_modules\jest\node_modules\jest-runner\build\testWorker.js:106:12)</failure>
    </testcase>
    <testcase classname="IslClient Component Saisie du code devrait désactiver le bouton avec un code vide ou espaces" name="IslClient Component Saisie du code devrait désactiver le bouton avec un code vide ou espaces" time="0">
      <failure>Error: Target container is not a DOM element.
    at Object.&lt;anonymous&gt;.process.env.NODE_ENV.exports.createRoot (C:\Users\j.serafini\Desktop\Jordan\Code\sli\node_modules\react-dom\cjs\react-dom-client.development.js:24604:15)
    at createConcurrentRoot (C:\Users\j.serafini\Desktop\Jordan\Code\sli\node_modules\@testing-library\react\dist\pure.js:146:27)
    at render (C:\Users\j.serafini\Desktop\Jordan\Code\sli\node_modules\@testing-library\react\dist\pure.js:262:12)
    at Object.&lt;anonymous&gt; (C:\Users\j.serafini\Desktop\Jordan\Code\sli\app\telemaintenance\__tests__\ISLinput.test.tsx:132:13)
    at Promise.then.completed (C:\Users\j.serafini\AppData\Roaming\npm\node_modules\jest\node_modules\jest-circus\build\utils.js:298:28)
    at new Promise (&lt;anonymous&gt;)
    at callAsyncCircusFn (C:\Users\j.serafini\AppData\Roaming\npm\node_modules\jest\node_modules\jest-circus\build\utils.js:231:10)
    at _callCircusTest (C:\Users\j.serafini\AppData\Roaming\npm\node_modules\jest\node_modules\jest-circus\build\run.js:316:40)
    at processTicksAndRejections (node:internal/process/task_queues:105:5)
    at _runTest (C:\Users\j.serafini\AppData\Roaming\npm\node_modules\jest\node_modules\jest-circus\build\run.js:252:3)
    at _runTestsForDescribeBlock (C:\Users\j.serafini\AppData\Roaming\npm\node_modules\jest\node_modules\jest-circus\build\run.js:126:9)
    at _runTestsForDescribeBlock (C:\Users\j.serafini\AppData\Roaming\npm\node_modules\jest\node_modules\jest-circus\build\run.js:121:9)
    at _runTestsForDescribeBlock (C:\Users\j.serafini\AppData\Roaming\npm\node_modules\jest\node_modules\jest-circus\build\run.js:121:9)
    at run (C:\Users\j.serafini\AppData\Roaming\npm\node_modules\jest\node_modules\jest-circus\build\run.js:71:3)
    at runAndTransformResultsToJestFormat (C:\Users\j.serafini\AppData\Roaming\npm\node_modules\jest\node_modules\jest-circus\build\legacy-code-todo-rewrite\jestAdapterInit.js:122:21)
    at jestAdapter (C:\Users\j.serafini\AppData\Roaming\npm\node_modules\jest\node_modules\jest-circus\build\legacy-code-todo-rewrite\jestAdapter.js:79:19)
    at runTestInternal (C:\Users\j.serafini\AppData\Roaming\npm\node_modules\jest\node_modules\jest-runner\build\runTest.js:367:16)
    at runTest (C:\Users\j.serafini\AppData\Roaming\npm\node_modules\jest\node_modules\jest-runner\build\runTest.js:444:34)
    at Object.worker (C:\Users\j.serafini\AppData\Roaming\npm\node_modules\jest\node_modules\jest-runner\build\testWorker.js:106:12)</failure>
    </testcase>
    <testcase classname="IslClient Component Validation du formulaire devrait afficher une erreur pour un code vide" name="IslClient Component Validation du formulaire devrait afficher une erreur pour un code vide" time="0">
      <failure>Error: Target container is not a DOM element.
    at Object.&lt;anonymous&gt;.process.env.NODE_ENV.exports.createRoot (C:\Users\j.serafini\Desktop\Jordan\Code\sli\node_modules\react-dom\cjs\react-dom-client.development.js:24604:15)
    at createConcurrentRoot (C:\Users\j.serafini\Desktop\Jordan\Code\sli\node_modules\@testing-library\react\dist\pure.js:146:27)
    at render (C:\Users\j.serafini\Desktop\Jordan\Code\sli\node_modules\@testing-library\react\dist\pure.js:262:12)
    at _callee$ (C:\Users\j.serafini\Desktop\Jordan\Code\sli\app\telemaintenance\__tests__\ISLinput.test.tsx:143:13)
    at call (C:\Users\j.serafini\Desktop\Jordan\Code\sli\app\telemaintenance\__tests__\ISLinput.test.tsx:2:1)
    at Generator.tryCatch (C:\Users\j.serafini\Desktop\Jordan\Code\sli\app\telemaintenance\__tests__\ISLinput.test.tsx:2:1)
    at Generator._invoke [as next] (C:\Users\j.serafini\Desktop\Jordan\Code\sli\app\telemaintenance\__tests__\ISLinput.test.tsx:2:1)
    at asyncGeneratorStep (C:\Users\j.serafini\Desktop\Jordan\Code\sli\app\telemaintenance\__tests__\ISLinput.test.tsx:2:1)
    at asyncGeneratorStep (C:\Users\j.serafini\Desktop\Jordan\Code\sli\app\telemaintenance\__tests__\ISLinput.test.tsx:2:1)
    at _next (C:\Users\j.serafini\Desktop\Jordan\Code\sli\app\telemaintenance\__tests__\ISLinput.test.tsx:2:1)
    at new Promise (&lt;anonymous&gt;)
    at Object.&lt;anonymous&gt; (C:\Users\j.serafini\Desktop\Jordan\Code\sli\app\telemaintenance\__tests__\ISLinput.test.tsx:2:1)
    at Promise.then.completed (C:\Users\j.serafini\AppData\Roaming\npm\node_modules\jest\node_modules\jest-circus\build\utils.js:298:28)
    at new Promise (&lt;anonymous&gt;)
    at callAsyncCircusFn (C:\Users\j.serafini\AppData\Roaming\npm\node_modules\jest\node_modules\jest-circus\build\utils.js:231:10)
    at _callCircusTest (C:\Users\j.serafini\AppData\Roaming\npm\node_modules\jest\node_modules\jest-circus\build\run.js:316:40)
    at processTicksAndRejections (node:internal/process/task_queues:105:5)
    at _runTest (C:\Users\j.serafini\AppData\Roaming\npm\node_modules\jest\node_modules\jest-circus\build\run.js:252:3)
    at _runTestsForDescribeBlock (C:\Users\j.serafini\AppData\Roaming\npm\node_modules\jest\node_modules\jest-circus\build\run.js:126:9)
    at _runTestsForDescribeBlock (C:\Users\j.serafini\AppData\Roaming\npm\node_modules\jest\node_modules\jest-circus\build\run.js:121:9)
    at _runTestsForDescribeBlock (C:\Users\j.serafini\AppData\Roaming\npm\node_modules\jest\node_modules\jest-circus\build\run.js:121:9)
    at run (C:\Users\j.serafini\AppData\Roaming\npm\node_modules\jest\node_modules\jest-circus\build\run.js:71:3)
    at runAndTransformResultsToJestFormat (C:\Users\j.serafini\AppData\Roaming\npm\node_modules\jest\node_modules\jest-circus\build\legacy-code-todo-rewrite\jestAdapterInit.js:122:21)
    at jestAdapter (C:\Users\j.serafini\AppData\Roaming\npm\node_modules\jest\node_modules\jest-circus\build\legacy-code-todo-rewrite\jestAdapter.js:79:19)
    at runTestInternal (C:\Users\j.serafini\AppData\Roaming\npm\node_modules\jest\node_modules\jest-runner\build\runTest.js:367:16)
    at runTest (C:\Users\j.serafini\AppData\Roaming\npm\node_modules\jest\node_modules\jest-runner\build\runTest.js:444:34)
    at Object.worker (C:\Users\j.serafini\AppData\Roaming\npm\node_modules\jest\node_modules\jest-runner\build\testWorker.js:106:12)</failure>
    </testcase>
    <testcase classname="IslClient Component Validation du formulaire ne devrait pas afficher d&apos;erreur avec un code valide" name="IslClient Component Validation du formulaire ne devrait pas afficher d&apos;erreur avec un code valide" time="0.001">
      <failure>Error: Target container is not a DOM element.
    at Object.&lt;anonymous&gt;.process.env.NODE_ENV.exports.createRoot (C:\Users\j.serafini\Desktop\Jordan\Code\sli\node_modules\react-dom\cjs\react-dom-client.development.js:24604:15)
    at createConcurrentRoot (C:\Users\j.serafini\Desktop\Jordan\Code\sli\node_modules\@testing-library\react\dist\pure.js:146:27)
    at render (C:\Users\j.serafini\Desktop\Jordan\Code\sli\node_modules\@testing-library\react\dist\pure.js:262:12)
    at _callee2$ (C:\Users\j.serafini\Desktop\Jordan\Code\sli\app\telemaintenance\__tests__\ISLinput.test.tsx:154:13)
    at call (C:\Users\j.serafini\Desktop\Jordan\Code\sli\app\telemaintenance\__tests__\ISLinput.test.tsx:2:1)
    at Generator.tryCatch (C:\Users\j.serafini\Desktop\Jordan\Code\sli\app\telemaintenance\__tests__\ISLinput.test.tsx:2:1)
    at Generator._invoke [as next] (C:\Users\j.serafini\Desktop\Jordan\Code\sli\app\telemaintenance\__tests__\ISLinput.test.tsx:2:1)
    at asyncGeneratorStep (C:\Users\j.serafini\Desktop\Jordan\Code\sli\app\telemaintenance\__tests__\ISLinput.test.tsx:2:1)
    at asyncGeneratorStep (C:\Users\j.serafini\Desktop\Jordan\Code\sli\app\telemaintenance\__tests__\ISLinput.test.tsx:2:1)
    at _next (C:\Users\j.serafini\Desktop\Jordan\Code\sli\app\telemaintenance\__tests__\ISLinput.test.tsx:2:1)
    at new Promise (&lt;anonymous&gt;)
    at Object.&lt;anonymous&gt; (C:\Users\j.serafini\Desktop\Jordan\Code\sli\app\telemaintenance\__tests__\ISLinput.test.tsx:2:1)
    at Promise.then.completed (C:\Users\j.serafini\AppData\Roaming\npm\node_modules\jest\node_modules\jest-circus\build\utils.js:298:28)
    at new Promise (&lt;anonymous&gt;)
    at callAsyncCircusFn (C:\Users\j.serafini\AppData\Roaming\npm\node_modules\jest\node_modules\jest-circus\build\utils.js:231:10)
    at _callCircusTest (C:\Users\j.serafini\AppData\Roaming\npm\node_modules\jest\node_modules\jest-circus\build\run.js:316:40)
    at processTicksAndRejections (node:internal/process/task_queues:105:5)
    at _runTest (C:\Users\j.serafini\AppData\Roaming\npm\node_modules\jest\node_modules\jest-circus\build\run.js:252:3)
    at _runTestsForDescribeBlock (C:\Users\j.serafini\AppData\Roaming\npm\node_modules\jest\node_modules\jest-circus\build\run.js:126:9)
    at _runTestsForDescribeBlock (C:\Users\j.serafini\AppData\Roaming\npm\node_modules\jest\node_modules\jest-circus\build\run.js:121:9)
    at _runTestsForDescribeBlock (C:\Users\j.serafini\AppData\Roaming\npm\node_modules\jest\node_modules\jest-circus\build\run.js:121:9)
    at run (C:\Users\j.serafini\AppData\Roaming\npm\node_modules\jest\node_modules\jest-circus\build\run.js:71:3)
    at runAndTransformResultsToJestFormat (C:\Users\j.serafini\AppData\Roaming\npm\node_modules\jest\node_modules\jest-circus\build\legacy-code-todo-rewrite\jestAdapterInit.js:122:21)
    at jestAdapter (C:\Users\j.serafini\AppData\Roaming\npm\node_modules\jest\node_modules\jest-circus\build\legacy-code-todo-rewrite\jestAdapter.js:79:19)
    at runTestInternal (C:\Users\j.serafini\AppData\Roaming\npm\node_modules\jest\node_modules\jest-runner\build\runTest.js:367:16)
    at runTest (C:\Users\j.serafini\AppData\Roaming\npm\node_modules\jest\node_modules\jest-runner\build\runTest.js:444:34)
    at Object.worker (C:\Users\j.serafini\AppData\Roaming\npm\node_modules\jest\node_modules\jest-runner\build\testWorker.js:106:12)</failure>
    </testcase>
    <testcase classname="IslClient Component Téléchargement devrait déclencher le téléchargement avec un code valide" name="IslClient Component Téléchargement devrait déclencher le téléchargement avec un code valide" time="0.001">
      <failure>Error: Target container is not a DOM element.
    at Object.&lt;anonymous&gt;.process.env.NODE_ENV.exports.createRoot (C:\Users\j.serafini\Desktop\Jordan\Code\sli\node_modules\react-dom\cjs\react-dom-client.development.js:24604:15)
    at createConcurrentRoot (C:\Users\j.serafini\Desktop\Jordan\Code\sli\node_modules\@testing-library\react\dist\pure.js:146:27)
    at render (C:\Users\j.serafini\Desktop\Jordan\Code\sli\node_modules\@testing-library\react\dist\pure.js:262:12)
    at _callee3$ (C:\Users\j.serafini\Desktop\Jordan\Code\sli\app\telemaintenance\__tests__\ISLinput.test.tsx:170:13)
    at call (C:\Users\j.serafini\Desktop\Jordan\Code\sli\app\telemaintenance\__tests__\ISLinput.test.tsx:2:1)
    at Generator.tryCatch (C:\Users\j.serafini\Desktop\Jordan\Code\sli\app\telemaintenance\__tests__\ISLinput.test.tsx:2:1)
    at Generator._invoke [as next] (C:\Users\j.serafini\Desktop\Jordan\Code\sli\app\telemaintenance\__tests__\ISLinput.test.tsx:2:1)
    at asyncGeneratorStep (C:\Users\j.serafini\Desktop\Jordan\Code\sli\app\telemaintenance\__tests__\ISLinput.test.tsx:2:1)
    at asyncGeneratorStep (C:\Users\j.serafini\Desktop\Jordan\Code\sli\app\telemaintenance\__tests__\ISLinput.test.tsx:2:1)
    at _next (C:\Users\j.serafini\Desktop\Jordan\Code\sli\app\telemaintenance\__tests__\ISLinput.test.tsx:2:1)
    at new Promise (&lt;anonymous&gt;)
    at Object.&lt;anonymous&gt; (C:\Users\j.serafini\Desktop\Jordan\Code\sli\app\telemaintenance\__tests__\ISLinput.test.tsx:2:1)
    at Promise.then.completed (C:\Users\j.serafini\AppData\Roaming\npm\node_modules\jest\node_modules\jest-circus\build\utils.js:298:28)
    at new Promise (&lt;anonymous&gt;)
    at callAsyncCircusFn (C:\Users\j.serafini\AppData\Roaming\npm\node_modules\jest\node_modules\jest-circus\build\utils.js:231:10)
    at _callCircusTest (C:\Users\j.serafini\AppData\Roaming\npm\node_modules\jest\node_modules\jest-circus\build\run.js:316:40)
    at processTicksAndRejections (node:internal/process/task_queues:105:5)
    at _runTest (C:\Users\j.serafini\AppData\Roaming\npm\node_modules\jest\node_modules\jest-circus\build\run.js:252:3)
    at _runTestsForDescribeBlock (C:\Users\j.serafini\AppData\Roaming\npm\node_modules\jest\node_modules\jest-circus\build\run.js:126:9)
    at _runTestsForDescribeBlock (C:\Users\j.serafini\AppData\Roaming\npm\node_modules\jest\node_modules\jest-circus\build\run.js:121:9)
    at _runTestsForDescribeBlock (C:\Users\j.serafini\AppData\Roaming\npm\node_modules\jest\node_modules\jest-circus\build\run.js:121:9)
    at run (C:\Users\j.serafini\AppData\Roaming\npm\node_modules\jest\node_modules\jest-circus\build\run.js:71:3)
    at runAndTransformResultsToJestFormat (C:\Users\j.serafini\AppData\Roaming\npm\node_modules\jest\node_modules\jest-circus\build\legacy-code-todo-rewrite\jestAdapterInit.js:122:21)
    at jestAdapter (C:\Users\j.serafini\AppData\Roaming\npm\node_modules\jest\node_modules\jest-circus\build\legacy-code-todo-rewrite\jestAdapter.js:79:19)
    at runTestInternal (C:\Users\j.serafini\AppData\Roaming\npm\node_modules\jest\node_modules\jest-runner\build\runTest.js:367:16)
    at runTest (C:\Users\j.serafini\AppData\Roaming\npm\node_modules\jest\node_modules\jest-runner\build\runTest.js:444:34)
    at Object.worker (C:\Users\j.serafini\AppData\Roaming\npm\node_modules\jest\node_modules\jest-runner\build\testWorker.js:106:12)</failure>
    </testcase>
    <testcase classname="IslClient Component Téléchargement devrait configurer correctement le lien de téléchargement" name="IslClient Component Téléchargement devrait configurer correctement le lien de téléchargement" time="0">
      <failure>Error: Target container is not a DOM element.
    at Object.&lt;anonymous&gt;.process.env.NODE_ENV.exports.createRoot (C:\Users\j.serafini\Desktop\Jordan\Code\sli\node_modules\react-dom\cjs\react-dom-client.development.js:24604:15)
    at createConcurrentRoot (C:\Users\j.serafini\Desktop\Jordan\Code\sli\node_modules\@testing-library\react\dist\pure.js:146:27)
    at render (C:\Users\j.serafini\Desktop\Jordan\Code\sli\node_modules\@testing-library\react\dist\pure.js:262:12)
    at _callee4$ (C:\Users\j.serafini\Desktop\Jordan\Code\sli\app\telemaintenance\__tests__\ISLinput.test.tsx:193:13)
    at call (C:\Users\j.serafini\Desktop\Jordan\Code\sli\app\telemaintenance\__tests__\ISLinput.test.tsx:2:1)
    at Generator.tryCatch (C:\Users\j.serafini\Desktop\Jordan\Code\sli\app\telemaintenance\__tests__\ISLinput.test.tsx:2:1)
    at Generator._invoke [as next] (C:\Users\j.serafini\Desktop\Jordan\Code\sli\app\telemaintenance\__tests__\ISLinput.test.tsx:2:1)
    at asyncGeneratorStep (C:\Users\j.serafini\Desktop\Jordan\Code\sli\app\telemaintenance\__tests__\ISLinput.test.tsx:2:1)
    at asyncGeneratorStep (C:\Users\j.serafini\Desktop\Jordan\Code\sli\app\telemaintenance\__tests__\ISLinput.test.tsx:2:1)
    at _next (C:\Users\j.serafini\Desktop\Jordan\Code\sli\app\telemaintenance\__tests__\ISLinput.test.tsx:2:1)
    at new Promise (&lt;anonymous&gt;)
    at Object.&lt;anonymous&gt; (C:\Users\j.serafini\Desktop\Jordan\Code\sli\app\telemaintenance\__tests__\ISLinput.test.tsx:2:1)
    at Promise.then.completed (C:\Users\j.serafini\AppData\Roaming\npm\node_modules\jest\node_modules\jest-circus\build\utils.js:298:28)
    at new Promise (&lt;anonymous&gt;)
    at callAsyncCircusFn (C:\Users\j.serafini\AppData\Roaming\npm\node_modules\jest\node_modules\jest-circus\build\utils.js:231:10)
    at _callCircusTest (C:\Users\j.serafini\AppData\Roaming\npm\node_modules\jest\node_modules\jest-circus\build\run.js:316:40)
    at processTicksAndRejections (node:internal/process/task_queues:105:5)
    at _runTest (C:\Users\j.serafini\AppData\Roaming\npm\node_modules\jest\node_modules\jest-circus\build\run.js:252:3)
    at _runTestsForDescribeBlock (C:\Users\j.serafini\AppData\Roaming\npm\node_modules\jest\node_modules\jest-circus\build\run.js:126:9)
    at _runTestsForDescribeBlock (C:\Users\j.serafini\AppData\Roaming\npm\node_modules\jest\node_modules\jest-circus\build\run.js:121:9)
    at _runTestsForDescribeBlock (C:\Users\j.serafini\AppData\Roaming\npm\node_modules\jest\node_modules\jest-circus\build\run.js:121:9)
    at run (C:\Users\j.serafini\AppData\Roaming\npm\node_modules\jest\node_modules\jest-circus\build\run.js:71:3)
    at runAndTransformResultsToJestFormat (C:\Users\j.serafini\AppData\Roaming\npm\node_modules\jest\node_modules\jest-circus\build\legacy-code-todo-rewrite\jestAdapterInit.js:122:21)
    at jestAdapter (C:\Users\j.serafini\AppData\Roaming\npm\node_modules\jest\node_modules\jest-circus\build\legacy-code-todo-rewrite\jestAdapter.js:79:19)
    at runTestInternal (C:\Users\j.serafini\AppData\Roaming\npm\node_modules\jest\node_modules\jest-runner\build\runTest.js:367:16)
    at runTest (C:\Users\j.serafini\AppData\Roaming\npm\node_modules\jest\node_modules\jest-runner\build\runTest.js:444:34)
    at Object.worker (C:\Users\j.serafini\AppData\Roaming\npm\node_modules\jest\node_modules\jest-runner\build\testWorker.js:106:12)</failure>
    </testcase>
    <testcase classname="IslClient Component Téléchargement devrait afficher un état de chargement" name="IslClient Component Téléchargement devrait afficher un état de chargement" time="0">
      <failure>Error: Target container is not a DOM element.
    at Object.&lt;anonymous&gt;.process.env.NODE_ENV.exports.createRoot (C:\Users\j.serafini\Desktop\Jordan\Code\sli\node_modules\react-dom\cjs\react-dom-client.development.js:24604:15)
    at createConcurrentRoot (C:\Users\j.serafini\Desktop\Jordan\Code\sli\node_modules\@testing-library\react\dist\pure.js:146:27)
    at render (C:\Users\j.serafini\Desktop\Jordan\Code\sli\node_modules\@testing-library\react\dist\pure.js:262:12)
    at _callee5$ (C:\Users\j.serafini\Desktop\Jordan\Code\sli\app\telemaintenance\__tests__\ISLinput.test.tsx:207:13)
    at call (C:\Users\j.serafini\Desktop\Jordan\Code\sli\app\telemaintenance\__tests__\ISLinput.test.tsx:2:1)
    at Generator.tryCatch (C:\Users\j.serafini\Desktop\Jordan\Code\sli\app\telemaintenance\__tests__\ISLinput.test.tsx:2:1)
    at Generator._invoke [as next] (C:\Users\j.serafini\Desktop\Jordan\Code\sli\app\telemaintenance\__tests__\ISLinput.test.tsx:2:1)
    at asyncGeneratorStep (C:\Users\j.serafini\Desktop\Jordan\Code\sli\app\telemaintenance\__tests__\ISLinput.test.tsx:2:1)
    at asyncGeneratorStep (C:\Users\j.serafini\Desktop\Jordan\Code\sli\app\telemaintenance\__tests__\ISLinput.test.tsx:2:1)
    at _next (C:\Users\j.serafini\Desktop\Jordan\Code\sli\app\telemaintenance\__tests__\ISLinput.test.tsx:2:1)
    at new Promise (&lt;anonymous&gt;)
    at Object.&lt;anonymous&gt; (C:\Users\j.serafini\Desktop\Jordan\Code\sli\app\telemaintenance\__tests__\ISLinput.test.tsx:2:1)
    at Promise.then.completed (C:\Users\j.serafini\AppData\Roaming\npm\node_modules\jest\node_modules\jest-circus\build\utils.js:298:28)
    at new Promise (&lt;anonymous&gt;)
    at callAsyncCircusFn (C:\Users\j.serafini\AppData\Roaming\npm\node_modules\jest\node_modules\jest-circus\build\utils.js:231:10)
    at _callCircusTest (C:\Users\j.serafini\AppData\Roaming\npm\node_modules\jest\node_modules\jest-circus\build\run.js:316:40)
    at processTicksAndRejections (node:internal/process/task_queues:105:5)
    at _runTest (C:\Users\j.serafini\AppData\Roaming\npm\node_modules\jest\node_modules\jest-circus\build\run.js:252:3)
    at _runTestsForDescribeBlock (C:\Users\j.serafini\AppData\Roaming\npm\node_modules\jest\node_modules\jest-circus\build\run.js:126:9)
    at _runTestsForDescribeBlock (C:\Users\j.serafini\AppData\Roaming\npm\node_modules\jest\node_modules\jest-circus\build\run.js:121:9)
    at _runTestsForDescribeBlock (C:\Users\j.serafini\AppData\Roaming\npm\node_modules\jest\node_modules\jest-circus\build\run.js:121:9)
    at run (C:\Users\j.serafini\AppData\Roaming\npm\node_modules\jest\node_modules\jest-circus\build\run.js:71:3)
    at runAndTransformResultsToJestFormat (C:\Users\j.serafini\AppData\Roaming\npm\node_modules\jest\node_modules\jest-circus\build\legacy-code-todo-rewrite\jestAdapterInit.js:122:21)
    at jestAdapter (C:\Users\j.serafini\AppData\Roaming\npm\node_modules\jest\node_modules\jest-circus\build\legacy-code-todo-rewrite\jestAdapter.js:79:19)
    at runTestInternal (C:\Users\j.serafini\AppData\Roaming\npm\node_modules\jest\node_modules\jest-runner\build\runTest.js:367:16)
    at runTest (C:\Users\j.serafini\AppData\Roaming\npm\node_modules\jest\node_modules\jest-runner\build\runTest.js:444:34)
    at Object.worker (C:\Users\j.serafini\AppData\Roaming\npm\node_modules\jest\node_modules\jest-runner\build\testWorker.js:106:12)</failure>
    </testcase>
    <testcase classname="IslClient Component Téléchargement devrait afficher un message de succès après téléchargement" name="IslClient Component Téléchargement devrait afficher un message de succès après téléchargement" time="0.001">
      <failure>Error: Target container is not a DOM element.
    at Object.&lt;anonymous&gt;.process.env.NODE_ENV.exports.createRoot (C:\Users\j.serafini\Desktop\Jordan\Code\sli\node_modules\react-dom\cjs\react-dom-client.development.js:24604:15)
    at createConcurrentRoot (C:\Users\j.serafini\Desktop\Jordan\Code\sli\node_modules\@testing-library\react\dist\pure.js:146:27)
    at render (C:\Users\j.serafini\Desktop\Jordan\Code\sli\node_modules\@testing-library\react\dist\pure.js:262:12)
    at _callee6$ (C:\Users\j.serafini\Desktop\Jordan\Code\sli\app\telemaintenance\__tests__\ISLinput.test.tsx:221:13)
    at call (C:\Users\j.serafini\Desktop\Jordan\Code\sli\app\telemaintenance\__tests__\ISLinput.test.tsx:2:1)
    at Generator.tryCatch (C:\Users\j.serafini\Desktop\Jordan\Code\sli\app\telemaintenance\__tests__\ISLinput.test.tsx:2:1)
    at Generator._invoke [as next] (C:\Users\j.serafini\Desktop\Jordan\Code\sli\app\telemaintenance\__tests__\ISLinput.test.tsx:2:1)
    at asyncGeneratorStep (C:\Users\j.serafini\Desktop\Jordan\Code\sli\app\telemaintenance\__tests__\ISLinput.test.tsx:2:1)
    at asyncGeneratorStep (C:\Users\j.serafini\Desktop\Jordan\Code\sli\app\telemaintenance\__tests__\ISLinput.test.tsx:2:1)
    at _next (C:\Users\j.serafini\Desktop\Jordan\Code\sli\app\telemaintenance\__tests__\ISLinput.test.tsx:2:1)
    at new Promise (&lt;anonymous&gt;)
    at Object.&lt;anonymous&gt; (C:\Users\j.serafini\Desktop\Jordan\Code\sli\app\telemaintenance\__tests__\ISLinput.test.tsx:2:1)
    at Promise.then.completed (C:\Users\j.serafini\AppData\Roaming\npm\node_modules\jest\node_modules\jest-circus\build\utils.js:298:28)
    at new Promise (&lt;anonymous&gt;)
    at callAsyncCircusFn (C:\Users\j.serafini\AppData\Roaming\npm\node_modules\jest\node_modules\jest-circus\build\utils.js:231:10)
    at _callCircusTest (C:\Users\j.serafini\AppData\Roaming\npm\node_modules\jest\node_modules\jest-circus\build\run.js:316:40)
    at processTicksAndRejections (node:internal/process/task_queues:105:5)
    at _runTest (C:\Users\j.serafini\AppData\Roaming\npm\node_modules\jest\node_modules\jest-circus\build\run.js:252:3)
    at _runTestsForDescribeBlock (C:\Users\j.serafini\AppData\Roaming\npm\node_modules\jest\node_modules\jest-circus\build\run.js:126:9)
    at _runTestsForDescribeBlock (C:\Users\j.serafini\AppData\Roaming\npm\node_modules\jest\node_modules\jest-circus\build\run.js:121:9)
    at _runTestsForDescribeBlock (C:\Users\j.serafini\AppData\Roaming\npm\node_modules\jest\node_modules\jest-circus\build\run.js:121:9)
    at run (C:\Users\j.serafini\AppData\Roaming\npm\node_modules\jest\node_modules\jest-circus\build\run.js:71:3)
    at runAndTransformResultsToJestFormat (C:\Users\j.serafini\AppData\Roaming\npm\node_modules\jest\node_modules\jest-circus\build\legacy-code-todo-rewrite\jestAdapterInit.js:122:21)
    at jestAdapter (C:\Users\j.serafini\AppData\Roaming\npm\node_modules\jest\node_modules\jest-circus\build\legacy-code-todo-rewrite\jestAdapter.js:79:19)
    at runTestInternal (C:\Users\j.serafini\AppData\Roaming\npm\node_modules\jest\node_modules\jest-runner\build\runTest.js:367:16)
    at runTest (C:\Users\j.serafini\AppData\Roaming\npm\node_modules\jest\node_modules\jest-runner\build\runTest.js:444:34)
    at Object.worker (C:\Users\j.serafini\AppData\Roaming\npm\node_modules\jest\node_modules\jest-runner\build\testWorker.js:106:12)</failure>
    </testcase>
    <testcase classname="IslClient Component Téléchargement devrait masquer le message de succès après 5 secondes" name="IslClient Component Téléchargement devrait masquer le message de succès après 5 secondes" time="0.002">
      <failure>Error: Target container is not a DOM element.
    at Object.&lt;anonymous&gt;.process.env.NODE_ENV.exports.createRoot (C:\Users\j.serafini\Desktop\Jordan\Code\sli\node_modules\react-dom\cjs\react-dom-client.development.js:24604:15)
    at createConcurrentRoot (C:\Users\j.serafini\Desktop\Jordan\Code\sli\node_modules\@testing-library\react\dist\pure.js:146:27)
    at render (C:\Users\j.serafini\Desktop\Jordan\Code\sli\node_modules\@testing-library\react\dist\pure.js:262:12)
    at _callee7$ (C:\Users\j.serafini\Desktop\Jordan\Code\sli\app\telemaintenance\__tests__\ISLinput.test.tsx:236:13)
    at call (C:\Users\j.serafini\Desktop\Jordan\Code\sli\app\telemaintenance\__tests__\ISLinput.test.tsx:2:1)
    at Generator.tryCatch (C:\Users\j.serafini\Desktop\Jordan\Code\sli\app\telemaintenance\__tests__\ISLinput.test.tsx:2:1)
    at Generator._invoke [as next] (C:\Users\j.serafini\Desktop\Jordan\Code\sli\app\telemaintenance\__tests__\ISLinput.test.tsx:2:1)
    at asyncGeneratorStep (C:\Users\j.serafini\Desktop\Jordan\Code\sli\app\telemaintenance\__tests__\ISLinput.test.tsx:2:1)
    at asyncGeneratorStep (C:\Users\j.serafini\Desktop\Jordan\Code\sli\app\telemaintenance\__tests__\ISLinput.test.tsx:2:1)
    at _next (C:\Users\j.serafini\Desktop\Jordan\Code\sli\app\telemaintenance\__tests__\ISLinput.test.tsx:2:1)
    at new Promise (&lt;anonymous&gt;)
    at Object.&lt;anonymous&gt; (C:\Users\j.serafini\Desktop\Jordan\Code\sli\app\telemaintenance\__tests__\ISLinput.test.tsx:2:1)
    at Promise.then.completed (C:\Users\j.serafini\AppData\Roaming\npm\node_modules\jest\node_modules\jest-circus\build\utils.js:298:28)
    at new Promise (&lt;anonymous&gt;)
    at callAsyncCircusFn (C:\Users\j.serafini\AppData\Roaming\npm\node_modules\jest\node_modules\jest-circus\build\utils.js:231:10)
    at _callCircusTest (C:\Users\j.serafini\AppData\Roaming\npm\node_modules\jest\node_modules\jest-circus\build\run.js:316:40)
    at processTicksAndRejections (node:internal/process/task_queues:105:5)
    at _runTest (C:\Users\j.serafini\AppData\Roaming\npm\node_modules\jest\node_modules\jest-circus\build\run.js:252:3)
    at _runTestsForDescribeBlock (C:\Users\j.serafini\AppData\Roaming\npm\node_modules\jest\node_modules\jest-circus\build\run.js:126:9)
    at _runTestsForDescribeBlock (C:\Users\j.serafini\AppData\Roaming\npm\node_modules\jest\node_modules\jest-circus\build\run.js:121:9)
    at _runTestsForDescribeBlock (C:\Users\j.serafini\AppData\Roaming\npm\node_modules\jest\node_modules\jest-circus\build\run.js:121:9)
    at run (C:\Users\j.serafini\AppData\Roaming\npm\node_modules\jest\node_modules\jest-circus\build\run.js:71:3)
    at runAndTransformResultsToJestFormat (C:\Users\j.serafini\AppData\Roaming\npm\node_modules\jest\node_modules\jest-circus\build\legacy-code-todo-rewrite\jestAdapterInit.js:122:21)
    at jestAdapter (C:\Users\j.serafini\AppData\Roaming\npm\node_modules\jest\node_modules\jest-circus\build\legacy-code-todo-rewrite\jestAdapter.js:79:19)
    at runTestInternal (C:\Users\j.serafini\AppData\Roaming\npm\node_modules\jest\node_modules\jest-runner\build\runTest.js:367:16)
    at runTest (C:\Users\j.serafini\AppData\Roaming\npm\node_modules\jest\node_modules\jest-runner\build\runTest.js:444:34)
    at Object.worker (C:\Users\j.serafini\AppData\Roaming\npm\node_modules\jest\node_modules\jest-runner\build\testWorker.js:106:12)</failure>
    </testcase>
    <testcase classname="IslClient Component Gestion des erreurs devrait afficher une erreur en cas d&apos;exception" name="IslClient Component Gestion des erreurs devrait afficher une erreur en cas d&apos;exception" time="0">
      <failure>Error: Erreur simulée
    at Document.&lt;anonymous&gt; (C:\Users\j.serafini\Desktop\Jordan\Code\sli\app\telemaintenance\__tests__\ISLinput.test.tsx:262:15)
    at C:\Users\j.serafini\Desktop\Jordan\Code\sli\node_modules\jest-mock\build\index.js:397:39
    at Document.&lt;anonymous&gt; (C:\Users\j.serafini\Desktop\Jordan\Code\sli\node_modules\jest-mock\build\index.js:404:13)
    at Document.mockConstructor (C:\Users\j.serafini\Desktop\Jordan\Code\sli\node_modules\jest-mock\build\index.js:148:19)
    at render (C:\Users\j.serafini\Desktop\Jordan\Code\sli\node_modules\@testing-library\react\dist\pure.js:256:50)
    at _callee8$ (C:\Users\j.serafini\Desktop\Jordan\Code\sli\app\telemaintenance\__tests__\ISLinput.test.tsx:265:13)
    at call (C:\Users\j.serafini\Desktop\Jordan\Code\sli\app\telemaintenance\__tests__\ISLinput.test.tsx:2:1)
    at Generator.tryCatch (C:\Users\j.serafini\Desktop\Jordan\Code\sli\app\telemaintenance\__tests__\ISLinput.test.tsx:2:1)
    at Generator._invoke [as next] (C:\Users\j.serafini\Desktop\Jordan\Code\sli\app\telemaintenance\__tests__\ISLinput.test.tsx:2:1)
    at asyncGeneratorStep (C:\Users\j.serafini\Desktop\Jordan\Code\sli\app\telemaintenance\__tests__\ISLinput.test.tsx:2:1)
    at asyncGeneratorStep (C:\Users\j.serafini\Desktop\Jordan\Code\sli\app\telemaintenance\__tests__\ISLinput.test.tsx:2:1)
    at _next (C:\Users\j.serafini\Desktop\Jordan\Code\sli\app\telemaintenance\__tests__\ISLinput.test.tsx:2:1)
    at new Promise (&lt;anonymous&gt;)
    at Object.&lt;anonymous&gt; (C:\Users\j.serafini\Desktop\Jordan\Code\sli\app\telemaintenance\__tests__\ISLinput.test.tsx:2:1)
    at Promise.then.completed (C:\Users\j.serafini\AppData\Roaming\npm\node_modules\jest\node_modules\jest-circus\build\utils.js:298:28)
    at new Promise (&lt;anonymous&gt;)
    at callAsyncCircusFn (C:\Users\j.serafini\AppData\Roaming\npm\node_modules\jest\node_modules\jest-circus\build\utils.js:231:10)
    at _callCircusTest (C:\Users\j.serafini\AppData\Roaming\npm\node_modules\jest\node_modules\jest-circus\build\run.js:316:40)
    at processTicksAndRejections (node:internal/process/task_queues:105:5)
    at _runTest (C:\Users\j.serafini\AppData\Roaming\npm\node_modules\jest\node_modules\jest-circus\build\run.js:252:3)
    at _runTestsForDescribeBlock (C:\Users\j.serafini\AppData\Roaming\npm\node_modules\jest\node_modules\jest-circus\build\run.js:126:9)
    at _runTestsForDescribeBlock (C:\Users\j.serafini\AppData\Roaming\npm\node_modules\jest\node_modules\jest-circus\build\run.js:121:9)
    at _runTestsForDescribeBlock (C:\Users\j.serafini\AppData\Roaming\npm\node_modules\jest\node_modules\jest-circus\build\run.js:121:9)
    at run (C:\Users\j.serafini\AppData\Roaming\npm\node_modules\jest\node_modules\jest-circus\build\run.js:71:3)
    at runAndTransformResultsToJestFormat (C:\Users\j.serafini\AppData\Roaming\npm\node_modules\jest\node_modules\jest-circus\build\legacy-code-todo-rewrite\jestAdapterInit.js:122:21)
    at jestAdapter (C:\Users\j.serafini\AppData\Roaming\npm\node_modules\jest\node_modules\jest-circus\build\legacy-code-todo-rewrite\jestAdapter.js:79:19)
    at runTestInternal (C:\Users\j.serafini\AppData\Roaming\npm\node_modules\jest\node_modules\jest-runner\build\runTest.js:367:16)
    at runTest (C:\Users\j.serafini\AppData\Roaming\npm\node_modules\jest\node_modules\jest-runner\build\runTest.js:444:34)
    at Object.worker (C:\Users\j.serafini\AppData\Roaming\npm\node_modules\jest\node_modules\jest-runner\build\testWorker.js:106:12)</failure>
    </testcase>
    <testcase classname="IslClient Component Gestion des erreurs devrait réactiver le bouton après une erreur" name="IslClient Component Gestion des erreurs devrait réactiver le bouton après une erreur" time="0.001">
      <failure>Error: Erreur simulée
    at Document.&lt;anonymous&gt; (C:\Users\j.serafini\Desktop\Jordan\Code\sli\app\telemaintenance\__tests__\ISLinput.test.tsx:279:15)
    at C:\Users\j.serafini\Desktop\Jordan\Code\sli\node_modules\jest-mock\build\index.js:397:39
    at Document.&lt;anonymous&gt; (C:\Users\j.serafini\Desktop\Jordan\Code\sli\node_modules\jest-mock\build\index.js:404:13)
    at Document.mockConstructor (C:\Users\j.serafini\Desktop\Jordan\Code\sli\node_modules\jest-mock\build\index.js:148:19)
[...]
    </testcase>
    <testcase classname="NosServices Component Responsive design devrait utiliser un layout grid ou flex" name="NosServices Component Responsive design devrait utiliser un layout grid ou flex" time="0.009">
    </testcase>
    <testcase classname="NosServices Component Contenu et informations devrait fournir des informations détaillées sur chaque service" name="NosServices Component Contenu et informations devrait fournir des informations détaillées sur chaque service" time="0.015">
    </testcase>
    <testcase classname="NosServices Component Contenu et informations devrait mentionner les avantages ou bénéfices" name="NosServices Component Contenu et informations devrait mentionner les avantages ou bénéfices" time="0.015">
    </testcase>
    <testcase classname="NosServices Component Contenu et informations devrait inclure des informations de contact ou d&apos;action" name="NosServices Component Contenu et informations devrait inclure des informations de contact ou d&apos;action" time="0.008">
    </testcase>
    <testcase classname="NosServices Component Performance et optimisation devrait se charger rapidement" name="NosServices Component Performance et optimisation devrait se charger rapidement" time="0.004">
    </testcase>
    <testcase classname="NosServices Component Performance et optimisation ne devrait pas avoir de fuites mémoire" name="NosServices Component Performance et optimisation ne devrait pas avoir de fuites mémoire" time="0.004">
    </testcase>
    <testcase classname="NosServices Component Interactivité devrait gérer les interactions utilisateur" name="NosServices Component Interactivité devrait gérer les interactions utilisateur" time="0.019">
    </testcase>
    <testcase classname="NosServices Component Interactivité devrait avoir des états hover/focus visibles" name="NosServices Component Interactivité devrait avoir des états hover/focus visibles" time="0.007">
    </testcase>
    <testcase classname="NosServices Component Interactivité devrait avoir des effets de survol sur les cartes" name="NosServices Component Interactivité devrait avoir des effets de survol sur les cartes" time="0.005">
    </testcase>
    <testcase classname="NosServices Component Interactivité devrait permettre la navigation au clavier" name="NosServices Component Interactivité devrait permettre la navigation au clavier" time="0.005">
    </testcase>
    <testcase classname="NosServices Component SEO et contenu devrait avoir un contenu riche en mots-clés pertinents" name="NosServices Component SEO et contenu devrait avoir un contenu riche en mots-clés pertinents" time="0.008">
    </testcase>
    <testcase classname="NosServices Component SEO et contenu devrait avoir une longueur de contenu appropriée pour le SEO" name="NosServices Component SEO et contenu devrait avoir une longueur de contenu appropriée pour le SEO" time="0.009">
    </testcase>
    <testcase classname="NosServices Component Gestion d&apos;erreurs devrait gérer les erreurs de rendu gracieusement" name="NosServices Component Gestion d&apos;erreurs devrait gérer les erreurs de rendu gracieusement" time="0.006">
    </testcase>
    <testcase classname="NosServices Component Gestion d&apos;erreurs devrait continuer à fonctionner avec des props manquantes" name="NosServices Component Gestion d&apos;erreurs devrait continuer à fonctionner avec des props manquantes" time="0.01">
    </testcase>
    <testcase classname="NosServices Component Section Télémaintenance devrait afficher la section télémaintenance" name="NosServices Component Section Télémaintenance devrait afficher la section télémaintenance" time="0.008">
    </testcase>
    <testcase classname="NosServices Component Section Télémaintenance devrait afficher l&apos;image d&apos;assistance" name="NosServices Component Section Télémaintenance devrait afficher l&apos;image d&apos;assistance" time="0.009">
    </testcase>
    <testcase classname="NosServices Component Section Télémaintenance devrait avoir des informations de contact" name="NosServices Component Section Télémaintenance devrait avoir des informations de contact" time="0.006">
    </testcase>
    <testcase classname="NosServices Component Contenu spécifique devrait lister les fonctionnalités détaillées" name="NosServices Component Contenu spécifique devrait lister les fonctionnalités détaillées" time="0.018">
    </testcase>
    <testcase classname="NosServices Component Contenu spécifique devrait avoir des badges ou indicateurs visuels" name="NosServices Component Contenu spécifique devrait avoir des badges ou indicateurs visuels" time="0.007">
    </testcase>
  </testsuite>
  <testsuite name="Page NosServices" errors="0" failures="0" skipped="0" timestamp="2025-07-07T15:21:11" time="3.054" tests="2">
    <testcase classname="Page NosServices devrait afficher un titre principal &quot;NOS SERVICES&quot;" name="Page NosServices devrait afficher un titre principal &quot;NOS SERVICES&quot;" time="0.087">
    </testcase>
    <testcase classname="Page NosServices devrait comporter des liens vers les services" name="Page NosServices devrait comporter des liens vers les services" time="0.025">
    </testcase>
  </testsuite>
  <testsuite name="CallbackModal Component" errors="0" failures="0" skipped="0" timestamp="2025-07-07T15:21:11" time="3.064" tests="18">
    <testcase classname="CallbackModal Component Rendu de base ne devrait pas se rendre quand isOpen est false" name="CallbackModal Component Rendu de base ne devrait pas se rendre quand isOpen est false" time="0.031">
    </testcase>
    <testcase classname="CallbackModal Component Rendu de base devrait se rendre quand isOpen est true" name="CallbackModal Component Rendu de base devrait se rendre quand isOpen est true" time="0.021">
    </testcase>
    <testcase classname="CallbackModal Component Rendu de base devrait afficher le formulaire de rappel" name="CallbackModal Component Rendu de base devrait afficher le formulaire de rappel" time="0.006">
    </testcase>
    <testcase classname="CallbackModal Component Rendu de base devrait avoir un bouton de fermeture" name="CallbackModal Component Rendu de base devrait avoir un bouton de fermeture" time="0.004">
    </testcase>
    <testcase classname="CallbackModal Component Interactivité devrait fermer la modal quand on clique sur le bouton fermer" name="CallbackModal Component Interactivité devrait fermer la modal quand on clique sur le bouton fermer" time="0.011">
    </testcase>
    <testcase classname="CallbackModal Component Interactivité devrait fermer la modal quand on clique sur Annuler" name="CallbackModal Component Interactivité devrait fermer la modal quand on clique sur Annuler" time="0.003">
    </testcase>
    <testcase classname="CallbackModal Component Interactivité devrait mettre à jour la valeur du champ téléphone" name="CallbackModal Component Interactivité devrait mettre à jour la valeur du champ téléphone" time="0.006">
    </testcase>
    <testcase classname="CallbackModal Component Soumission du formulaire devrait empêcher la soumission avec un champ vide" name="CallbackModal Component Soumission du formulaire devrait empêcher la soumission avec un champ vide" time="0.022">
    </testcase>
    <testcase classname="CallbackModal Component Soumission du formulaire devrait soumettre le formulaire avec des données valides" name="CallbackModal Component Soumission du formulaire devrait soumettre le formulaire avec des données valides" time="0.019">
    </testcase>
    <testcase classname="CallbackModal Component Soumission du formulaire devrait afficher un message de succès après soumission réussie" name="CallbackModal Component Soumission du formulaire devrait afficher un message de succès après soumission réussie" time="0.017">
    </testcase>
    <testcase classname="CallbackModal Component Soumission du formulaire devrait afficher un message d&apos;erreur en cas d&apos;échec" name="CallbackModal Component Soumission du formulaire devrait afficher un message d&apos;erreur en cas d&apos;échec" time="0.016">
    </testcase>
    <testcase classname="CallbackModal Component Soumission du formulaire devrait gérer les erreurs réseau" name="CallbackModal Component Soumission du formulaire devrait gérer les erreurs réseau" time="0.013">
    </testcase>
    <testcase classname="CallbackModal Component Soumission du formulaire devrait afficher l&apos;état de chargement pendant la soumission" name="CallbackModal Component Soumission du formulaire devrait afficher l&apos;état de chargement pendant la soumission" time="0.005">
    </testcase>
    <testcase classname="CallbackModal Component Accessibilité devrait avoir des labels appropriés" name="CallbackModal Component Accessibilité devrait avoir des labels appropriés" time="0.002">
    </testcase>
    <testcase classname="CallbackModal Component Accessibilité devrait pouvoir être utilisé au clavier" name="CallbackModal Component Accessibilité devrait pouvoir être utilisé au clavier" time="0.004">
    </testcase>
    <testcase classname="CallbackModal Component Accessibilité devrait supporter la touche Espace pour fermer" name="CallbackModal Component Accessibilité devrait supporter la touche Espace pour fermer" time="0.003">
    </testcase>
    <testcase classname="CallbackModal Component Accessibilité devrait avoir un formulaire avec le rôle approprié" name="CallbackModal Component Accessibilité devrait avoir un formulaire avec le rôle approprié" time="0.005">
    </testcase>
    <testcase classname="CallbackModal Component États et transitions devrait gérer les changements d&apos;état correctement" name="CallbackModal Component États et transitions devrait gérer les changements d&apos;état correctement" time="0.003">
    </testcase>
  </testsuite>
  <testsuite name="Informatique Component" errors="0" failures="0" skipped="0" timestamp="2025-07-07T15:21:11" time="3.607" tests="43">
    <testcase classname="Informatique Component Rendu de base devrait se rendre sans crash" name="Informatique Component Rendu de base devrait se rendre sans crash" time="0.076">
    </testcase>
    <testcase classname="Informatique Component Rendu de base devrait afficher le titre principal" name="Informatique Component Rendu de base devrait afficher le titre principal" time="0.038">
    </testcase>
    <testcase classname="Informatique Component Rendu de base devrait afficher la description" name="Informatique Component Rendu de base devrait afficher la description" time="0.021">
    </testcase>
    <testcase classname="Informatique Component Rendu de base devrait avoir un badge informatique" name="Informatique Component Rendu de base devrait avoir un badge informatique" time="0.02">
    </testcase>
    <testcase classname="Informatique Component Services informatiques devrait afficher les différents services proposés" name="Informatique Component Services informatiques devrait afficher les différents services proposés" time="0.017">
    </testcase>
    <testcase classname="Informatique Component Services informatiques devrait avoir des sections clairement définies" name="Informatique Component Services informatiques devrait avoir des sections clairement définies" time="0.018">
    </testcase>
    <testcase classname="Informatique Component Services informatiques devrait afficher des cartes de services" name="Informatique Component Services informatiques devrait afficher des cartes de services" time="0.019">
    </testcase>
    <testcase classname="Informatique Component Services informatiques devrait afficher les descriptions des services" name="Informatique Component Services informatiques devrait afficher les descriptions des services" time="0.019">
    </testcase>
    <testcase classname="Informatique Component Services informatiques devrait afficher les fonctionnalités de chaque service" name="Informatique Component Services informatiques devrait afficher les fonctionnalités de chaque service" time="0.016">
    </testcase>
    <testcase classname="Informatique Component Images et médias devrait contenir des images relatives à l&apos;informatique" name="Informatique Component Images et médias devrait contenir des images relatives à l&apos;informatique" time="0.014">
    </testcase>
    <testcase classname="Informatique Component Images et médias les images devraient avoir des sources valides" name="Informatique Component Images et médias les images devraient avoir des sources valides" time="0.011">
    </testcase>
    <testcase classname="Informatique Component Navigation et liens devrait contenir des liens de contact ou d&apos;action" name="Informatique Component Navigation et liens devrait contenir des liens de contact ou d&apos;action" time="0.01">
    </testcase>
    <testcase classname="Informatique Component Navigation et liens les liens externes devraient s&apos;ouvrir dans un nouvel onglet" name="Informatique Component Navigation et liens les liens externes devraient s&apos;ouvrir dans un nouvel onglet" time="0.011">
    </testcase>
    <testcase classname="Informatique Component Navigation et liens devrait permettre la navigation au clavier" name="Informatique Component Navigation et liens devrait permettre la navigation au clavier" time="0.014">
    </testcase>
    <testcase classname="Informatique Component Accessibilité devrait avoir une hiérarchie de titres appropriée" name="Informatique Component Accessibilité devrait avoir une hiérarchie de titres appropriée" time="0.014">
    </testcase>
    <testcase classname="Informatique Component Accessibilité tous les éléments interactifs devraient être accessibles" name="Informatique Component Accessibilité tous les éléments interactifs devraient être accessibles" time="0.011">
    </testcase>
    <testcase classname="Informatique Component Accessibilité devrait avoir des contrastes appropriés pour les textes" name="Informatique Component Accessibilité devrait avoir des contrastes appropriés pour les textes" time="0.009">
    </testcase>
    <testcase classname="Informatique Component Accessibilité devrait avoir des liens accessibles" name="Informatique Component Accessibilité devrait avoir des liens accessibles" time="0.011">
    </testcase>
    <testcase classname="Informatique Component Accessibilité devrait avoir des rôles appropriés" name="Informatique Component Accessibilité devrait avoir des rôles appropriés" time="0.008">
    </testcase>
    <testcase classname="Informatique Component Responsive design devrait avoir des classes responsive" name="Informatique Component Responsive design devrait avoir des classes responsive" time="0.011">
    </testcase>
    <testcase classname="Informatique Component Responsive design devrait gérer différentes tailles d&apos;écran" name="Informatique Component Responsive design devrait gérer différentes tailles d&apos;écran" time="0.012">
    </testcase>
    <testcase classname="Informatique Component Responsive design devrait avoir des grilles responsive" name="Informatique Component Responsive design devrait avoir des grilles responsive" time="0.008">
    </testcase>
    <testcase classname="Informatique Component Contenu spécifique devrait mentionner les technologies supportées" name="Informatique Component Contenu spécifique devrait mentionner les technologies supportées" time="0.013">
    </testcase>
    <testcase classname="Informatique Component Contenu spécifique devrait afficher les types d&apos;intervention" name="Informatique Component Contenu spécifique devrait afficher les types d&apos;intervention" time="0.012">
    </testcase>
    <testcase classname="Informatique Component Contenu spécifique devrait mentionner la zone géographique ou les modalités" name="Informatique Component Contenu spécifique devrait mentionner la zone géographique ou les modalités" time="0.012">
    </testcase>
    <testcase classname="Informatique Component Contenu spécifique devrait mentionner les technologies et partenaires" name="Informatique Component Contenu spécifique devrait mentionner les technologies et partenaires" time="0.011">
    </testcase>
    <testcase classname="Informatique Component Contenu spécifique devrait avoir des sections distinctes" name="Informatique Component Contenu spécifique devrait avoir des sections distinctes" time="0.01">
    </testcase>
    <testcase classname="Informatique Component Performance ne devrait pas avoir de rendu excessif" name="Informatique Component Performance ne devrait pas avoir de rendu excessif" time="0.011">
    </testcase>
    <testcase classname="Informatique Component Performance devrait se charger rapidement" name="Informatique Component Performance devrait se charger rapidement" time="0.008">
    </testcase>
    <testcase classname="Informatique Component Interactivité devrait gérer les clics sur les éléments interactifs" name="Informatique Component Interactivité devrait gérer les clics sur les éléments interactifs" time="0.007">
    </testcase>
    <testcase classname="Informatique Component Interactivité devrait gérer les événements de survol" name="Informatique Component Interactivité devrait gérer les événements de survol" time="0.023">
    </testcase>
    <testcase classname="Informatique Component Interactivité devrait avoir des éléments cliquables" name="Informatique Component Interactivité devrait avoir des éléments cliquables" time="0.009">
    </testcase>
    <testcase classname="Informatique Component Interactivité devrait permettre la navigation au clavier" name="Informatique Component Interactivité devrait permettre la navigation au clavier" time="0.008">
    </testcase>
    <testcase classname="Informatique Component Gestion d&apos;erreurs devrait gérer les erreurs de chargement d&apos;images" name="Informatique Component Gestion d&apos;erreurs devrait gérer les erreurs de chargement d&apos;images" time="0.01">
    </testcase>
    <testcase classname="Informatique Component Gestion d&apos;erreurs devrait continuer à fonctionner même avec des props undefined" name="Informatique Component Gestion d&apos;erreurs devrait continuer à fonctionner même avec des props undefined" time="0.008">
    </testcase>
    <testcase classname="Informatique Component SEO et métadonnées devrait avoir du contenu textuel pour le SEO" name="Informatique Component SEO et métadonnées devrait avoir du contenu textuel pour le SEO" time="0.012">
    </testcase>
    <testcase classname="Informatique Component SEO et métadonnées devrait avoir une structure sémantique appropriée" name="Informatique Component SEO et métadonnées devrait avoir une structure sémantique appropriée" time="0.007">
    </testcase>
    <testcase classname="Informatique Component Statistiques devrait afficher les statistiques" name="Informatique Component Statistiques devrait afficher les statistiques" time="0.012">
    </testcase>
    <testcase classname="Informatique Component Statistiques devrait afficher les labels des statistiques" name="Informatique Component Statistiques devrait afficher les labels des statistiques" time="0.011">
    </testcase>
    <testcase classname="Informatique Component Boutons d&apos;action devrait avoir un bouton de contact" name="Informatique Component Boutons d&apos;action devrait avoir un bouton de contact" time="0.013">
    </testcase>
    <testcase classname="Informatique Component Boutons d&apos;action devrait avoir un bouton téléphone" name="Informatique Component Boutons d&apos;action devrait avoir un bouton téléphone" time="0.038">
    </testcase>
    <testcase classname="Informatique Component Contenu et structure devrait contenir des icônes SVG" name="Informatique Component Contenu et structure devrait contenir des icônes SVG" time="0.008">
    </testcase>
    <testcase classname="Informatique Component Contenu et structure devrait avoir une section d&apos;expertises" name="Informatique Component Contenu et structure devrait avoir une section d&apos;expertises" time="0.011">
    </testcase>
  </testsuite>
</testsuites>