<?xml version="1.0" encoding="UTF-8"?>
<testsuites name="jest tests" tests="14" failures="0" errors="0" time="2.626">
  <testsuite name="Footer Component" errors="0" failures="0" skipped="0" timestamp="2025-02-03T15:09:47" time="1.181" tests="4">
    <testcase classname="Footer Component devrait se rendre sans crash" name="Footer Component devrait se rendre sans crash" time="0.055">
    </testcase>
    <testcase classname="Footer Component devrait afficher les liens de navigation" name="Footer Component devrait afficher les liens de navigation" time="0.008">
    </testcase>
    <testcase classname="Footer Component devrait afficher l&apos;adresse et le téléphone" name="Footer Component devrait afficher l&apos;adresse et le téléphone" time="0.005">
    </testcase>
    <testcase classname="Footer Component devrait afficher l&apos;année dynamique dans le copyright" name="Footer Component devrait afficher l&apos;année dynamique dans le copyright" time="0.003">
    </testcase>
  </testsuite>
  <testsuite name="Ebpbatiment Component" errors="0" failures="0" skipped="0" timestamp="2025-02-03T15:09:47" time="1.193" tests="4">
    <testcase classname="Ebpbatiment Component devrait se rendre sans crash" name="Ebpbatiment Component devrait se rendre sans crash" time="0.052">
    </testcase>
    <testcase classname="Ebpbatiment Component devrait afficher la description" name="Ebpbatiment Component devrait afficher la description" time="0.007">
    </testcase>
    <testcase classname="Ebpbatiment Component devrait afficher au moins une carte de logiciel" name="Ebpbatiment Component devrait afficher au moins une carte de logiciel" time="0.007">
    </testcase>
    <testcase classname="Ebpbatiment Component chaque carte de logiciel devrait comporter un lien &apos;En savoir plus ?&apos;" name="Ebpbatiment Component chaque carte de logiciel devrait comporter un lien &apos;En savoir plus ?&apos;" time="0.009">
    </testcase>
  </testsuite>
  <testsuite name="Page NosServices" errors="0" failures="0" skipped="0" timestamp="2025-02-03T15:09:47" time="1.269" tests="2">
    <testcase classname="Page NosServices devrait afficher un titre principal &quot;NOS SERVICES&quot;" name="Page NosServices devrait afficher un titre principal &quot;NOS SERVICES&quot;" time="0.058">
    </testcase>
    <testcase classname="Page NosServices devrait comporter des liens vers les services" name="Page NosServices devrait comporter des liens vers les services" time="0.013">
    </testcase>
  </testsuite>
  <testsuite name="Page Informatique" errors="0" failures="0" skipped="0" timestamp="2025-02-03T15:09:47" time="1.306" tests="4">
    <testcase classname="Page Informatique affiche le titre principal &apos;SOLUTIONS INFORMATIQUES&apos;" name="Page Informatique affiche le titre principal &apos;SOLUTIONS INFORMATIQUES&apos;" time="0.083">
    </testcase>
    <testcase classname="Page Informatique affiche les titres des sections" name="Page Informatique affiche les titres des sections" time="0.012">
    </testcase>
    <testcase classname="Page Informatique affiche des images avec l&apos;attribut alt &apos;logo_solution_logique_informatique&apos;" name="Page Informatique affiche des images avec l&apos;attribut alt &apos;logo_solution_logique_informatique&apos;" time="0.006">
    </testcase>
    <testcase classname="Page Informatique affiche des icônes via FontAwesome" name="Page Informatique affiche des icônes via FontAwesome" time="0.006">
    </testcase>
  </testsuite>
</testsuites>